<?xml version="1.0" encoding="utf-8"?>
<KIS>
  <LOCATION>
    <UKPRN>10000055</UKPRN>
    <ACCOMURL>http://www.brookes.ac.uk/studying-at-brookes/accommodation/halls-in-detail/</ACCOMURL>
    <LOCID>AB</LOCID>
    <LOCNAME>Abingdon &amp;amp; Witney College (Abingdon Campus)</LOCNAME>
    <LATITUDE>51.680769</LATITUDE>
    <LONGITUDE>-1.286935</LONGITUDE>
    <LOCUKPRN>10000055</LOCUKPRN>
    <LOCCOUNTRY>XF</LOCCOUNTRY>
    <SUURL>http://www.nus.org.uk/en/students-unions/abingdon-and-witney-college-students-union/</SUURL>
  </LOCATION>
  <LOCATION>
    <UKPRN>10034450</UKPRN>
    <ACCOMURL>http://www.cavc.ac.uk/en/higher-education/he-accommodation</ACCOMURL>
    <ACCOMURLW>http://www.cavc.ac.uk/cy/addysg-uwch/llety-addysg-uwch/</ACCOMURLW>
    <LOCID>IC</LOCID>
    <LOCNAME>International Centre for Aerospace Training</LOCNAME>
    <LOCNAMEW>Canolfan Ryngwladol Hyfforddiant Aerofod</LOCNAMEW>
    <LATITUDE>51.400334</LATITUDE>
    <LONGITUDE>-3.337448</LONGITUDE>
    <LOCCOUNTRY>XI</LOCCOUNTRY>
  </LOCATION>
  <LOCATION>
    <UKPRN>10034450</UKPRN>
    <ACCOMURL>http://www.cavc.ac.uk/en/higher-education/he-accommodation/</ACCOMURL>
    <ACCOMURLW>http://www.cavc.ac.uk/cy/addysg-uwch/llety-addysg-uwch/</ACCOMURLW>
    <LOCID>CP</LOCID>
    <LOCNAME>City Centre Campus</LOCNAME>
    <LOCNAMEW>Campws Canol y Ddinas</LOCNAMEW>
    <LATITUDE>51.471344</LATITUDE>
    <LONGITUDE>-3.175129</LONGITUDE>
    <LOCCOUNTRY>XI</LOCCOUNTRY>
  </LOCATION>
  <LOCATION>
    <UKPRN>10034450</UKPRN>
    <ACCOMURL>http://www.cavc.ac.uk/en/higher-education/he-accommodation/</ACCOMURL>
    <ACCOMURLW>http://www.cavc.ac.uk/cy/addysg-uwch/llety-addysg-uwch/</ACCOMURLW>
    <LOCID>LE</LOCID>
    <LOCNAME>Cardiff International Sports Campus</LOCNAME>
    <LOCNAMEW>Campws chwaraeon rhyngwladol Caerdydd</LOCNAMEW>
    <LATITUDE>51.47259</LATITUDE>
    <LONGITUDE>-3.210467</LONGITUDE>
    <LOCCOUNTRY>XI</LOCCOUNTRY>
  </LOCATION>
  <LOCATION>
    <UKPRN>10035638</UKPRN>
    <ACCOMURL>http://icmp.ac.uk/student-life/accomodation</ACCOMURL>
    <LOCID>DR</LOCID>
    <LOCNAME>Dyne Road</LOCNAME>
    <LATITUDE>51.54448</LATITUDE>
    <LONGITUDE>-0.202917</LONGITUDE>
    <LOCUKPRN>10035638</LOCUKPRN>
    <LOCCOUNTRY>XF</LOCCOUNTRY>
    <SUURL>https://www.nus.org.uk</SUURL>
  </LOCATION>
  <LOCATION>
    <UKPRN>10036143</UKPRN>
    <ACCOMURL>http://www.sgscol.ac.uk</ACCOMURL>
    <LOCID>BG</LOCID>
    <LOCNAME>Berkeley Green Campus</LOCNAME>
    <LATITUDE>51.691411</LATITUDE>
    <LONGITUDE>-2.49634</LONGITUDE>
    <LOCUKPRN>10036143</LOCUKPRN>
    <LOCCOUNTRY>XF</LOCCOUNTRY>
    <SUURL>http://www.sgscol.ac.uk</SUURL>
  </LOCATION>
  <LOCATION>
    <UKPRN>10036143</UKPRN>
    <ACCOMURL>http://www.sgscol.ac.uk</ACCOMURL>
    <LOCID>FC</LOCID>
    <LOCNAME>Filton Campus</LOCNAME>
    <LATITUDE>51.513464</LATITUDE>
    <LONGITUDE>-2.573469</LONGITUDE>
    <LOCUKPRN>10036143</LOCUKPRN>
    <LOCCOUNTRY>XF</LOCCOUNTRY>
    <SUURL>http://www.sgscol.ac.uk</SUURL>
  </LOCATION>
  <LOCATION>
    <UKPRN>10036143</UKPRN>
    <ACCOMURL>http://www.sgscol.ac.uk</ACCOMURL>
    <LOCID>QR</LOCID>
    <LOCNAME>Queen's Road Campus</LOCNAME>
    <LATITUDE>51.458159</LATITUDE>
    <LONGITUDE>-2.608287</LONGITUDE>
    <LOCUKPRN>10036143</LOCUKPRN>
    <LOCCOUNTRY>XF</LOCCOUNTRY>
    <SUURL>http://www.sgscol.ac.uk</SUURL>
  </LOCATION>
  <LOCATION>
    <UKPRN>10036143</UKPRN>
    <ACCOMURL>http://www.sgscol.ac.uk</ACCOMURL>
    <LOCID>SC</LOCID>
    <LOCNAME>Stroud Campus</LOCNAME>
    <LATITUDE>51.749053</LATITUDE>
    <LONGITUDE>-2.228617</LONGITUDE>
    <LOCUKPRN>10036143</LOCUKPRN>
    <LOCCOUNTRY>XF</LOCCOUNTRY>
    <SUURL>http://www.sgscol.ac.uk</SUURL>
  </LOCATION>
  <LOCATION>
    <UKPRN>10036143</UKPRN>
    <ACCOMURL>http://www.sgscol.ac.uk</ACCOMURL>
    <LOCID>WC</LOCID>
    <LOCNAME>Wise Campus</LOCNAME>
    <LATITUDE>51.51249</LATITUDE>
    <LONGITUDE>-2.554944</LONGITUDE>
    <LOCUKPRN>10036143</LOCUKPRN>
    <LOCCOUNTRY>XF</LOCCOUNTRY>
    <SUURL>http://www.sgscol.ac.uk</SUURL>
  </LOCATION>
  <LOCATION>
    <UKPRN>10036143</UKPRN>
    <ACCOMURL>http://www.sgscol.ac.uk/about-us</ACCOMURL>
    <LOCID>BZ</LOCID>
    <LOCNAME>Bristol Zoological Gardens</LOCNAME>
    <LATITUDE>51.463746</LATITUDE>
    <LONGITUDE>-2.622455</LONGITUDE>
    <LOCUKPRN>10036143</LOCUKPRN>
    <LOCCOUNTRY>XF</LOCCOUNTRY>
    <SUURL>http://www.sgscol.ac.uk/about-us</SUURL>
  </LOCATION>
  <LOCATION>
    <UKPRN>10037449</UKPRN>
    <ACCOMURL>https://www.marjon.ac.uk/student-life/accommodation/</ACCOMURL>
    <LOCID>MC</LOCID>
    <LOCNAME>Main Campus</LOCNAME>
    <LATITUDE>50.421167</LATITUDE>
    <LONGITUDE>-4.110432</LONGITUDE>
    <LOCCOUNTRY>XF</LOCCOUNTRY>
    <SUURL>http://www.marjonsu.co.uk</SUURL>
  </LOCATION>
  <LOCATION>
    <UKPRN>10037544</UKPRN>
    <LOCID>B1</LOCID>
    <LOCNAME>BIMM Brighton - East</LOCNAME>
    <LATITUDE>50.820151</LATITUDE>
    <LONGITUDE>-0.131078</LONGITUDE>
    <LOCCOUNTRY>XF</LOCCOUNTRY>
    <SUURL>http://www.sussexstudent.com/</SUURL>
  </LOCATION>
  <LOCATION>
    <UKPRN>10037544</UKPRN>
    <LOCID>B2</LOCID>
    <LOCNAME>BIMM Brighton - West</LOCNAME>
    <LATITUDE>50.824604</LATITUDE>
    <LONGITUDE>-0.16045</LONGITUDE>
    <LOCCOUNTRY>XF</LOCCOUNTRY>
    <SUURL>http://www.nus.org.uk</SUURL>
  </LOCATION>
  <LOCATION>
    <UKPRN>10037544</UKPRN>
    <LOCID>B3</LOCID>
    <LOCNAME>BRICCT Brighton</LOCNAME>
    <LATITUDE>50.8333</LATITUDE>
    <LONGITUDE>0.1398</LONGITUDE>
    <LOCCOUNTRY>XF</LOCCOUNTRY>
    <SUURL>http://www.nus.org.uk</SUURL>
  </LOCATION>
  <LOCATION>
    <UKPRN>10037544</UKPRN>
    <LOCID>C1</LOCID>
    <LOCNAME>BIMM Bristol - Kings Square</LOCNAME>
    <LATITUDE>51.461381</LATITUDE>
    <LONGITUDE>-2.591655</LONGITUDE>
    <LOCCOUNTRY>XF</LOCCOUNTRY>
    <SUURL>http://www.nus.org.uk</SUURL>
  </LOCATION>
  <LOCATION>
    <UKPRN>10037544</UKPRN>
    <LOCID>E1</LOCID>
    <LOCNAME>London</LOCNAME>
    <LATITUDE>51.479385</LATITUDE>
    <LONGITUDE>-0.196321</LONGITUDE>
    <LOCCOUNTRY>XF</LOCCOUNTRY>
    <SUURL>http://www.uwlsu.com</SUURL>
  </LOCATION>
  <LOCATION>
    <UKPRN>10037544</UKPRN>
    <LOCID>F1</LOCID>
    <LOCNAME>BIMM Manchester - Great Marlborough Street</LOCNAME>
    <LATITUDE>53.472987</LATITUDE>
    <LONGITUDE>-2.241944</LONGITUDE>
    <LOCCOUNTRY>XF</LOCCOUNTRY>
    <SUURL>http://www.nus.org.uk</SUURL>
  </LOCATION>
  <LOCATION>
    <UKPRN>10037544</UKPRN>
    <LOCID>G1</LOCID>
    <LOCNAME>BIMM Birmingham</LOCNAME>
    <LATITUDE>52.476331</LATITUDE>
    <LONGITUDE>-1.884235</LONGITUDE>
    <LOCCOUNTRY>XF</LOCCOUNTRY>
    <SUURL>http://www.nus.org.uk</SUURL>
  </LOCATION>
  <LOCATION>
    <UKPRN>10038763</UKPRN>
    <LOCID>EX</LOCID>
    <LOCNAME>Exeter Campus</LOCNAME>
    <LATITUDE>50.717997</LATITUDE>
    <LONGITUDE>-3.539062</LONGITUDE>
    <LOCCOUNTRY>XF</LOCCOUNTRY>
    <SUURL>http://college.formission.org.uk/ba/programme/</SUURL>
  </LOCATION>
  <LOCATION>
    <UKPRN>10038763</UKPRN>
    <LOCID>IN</LOCID>
    <LOCNAME>Intensive Campus</LOCNAME>
    <LATITUDE>52.040395</LATITUDE>
    <LONGITUDE>-1.621448</LONGITUDE>
    <LOCCOUNTRY>XF</LOCCOUNTRY>
    <SUURL>http://college.formission.org.uk/ba/programme/</SUURL>
  </LOCATION>
  <LOCATION>
    <UKPRN>10038763</UKPRN>
    <LOCID>LE</LOCID>
    <LOCNAME>Leeds Campus</LOCNAME>
    <LATITUDE>53.808597</LATITUDE>
    <LONGITUDE>-1.532078</LONGITUDE>
    <LOCCOUNTRY>XF</LOCCOUNTRY>
    <SUURL>http://college.formission.org.uk/ba/programme/</SUURL>
  </LOCATION>
  <LOCATION>
    <UKPRN>10038763</UKPRN>
    <LOCID>LI</LOCID>
    <LOCNAME>Liverpool Campus</LOCNAME>
    <LATITUDE>53.409245</LATITUDE>
    <LONGITUDE>-2.992257</LONGITUDE>
    <LOCCOUNTRY>XF</LOCCOUNTRY>
    <SUURL>http://college.formission.org.uk/ba/programme/</SUURL>
  </LOCATION>
  <LOCATION>
    <UKPRN>10038763</UKPRN>
    <LOCID>LO</LOCID>
    <LOCNAME>London Campus</LOCNAME>
    <LATITUDE>51.528929</LATITUDE>
    <LONGITUDE>-0.292952</LONGITUDE>
    <LOCCOUNTRY>XF</LOCCOUNTRY>
    <SUURL>http://college.formission.org.uk/ba/programme/</SUURL>
  </LOCATION>
  <LOCATION>
    <UKPRN>10038763</UKPRN>
    <LOCID>MA</LOCID>
    <LOCNAME>Manchester Campus</LOCNAME>
    <LATITUDE>53.478597</LATITUDE>
    <LONGITUDE>-2.293869</LONGITUDE>
    <LOCCOUNTRY>XF</LOCCOUNTRY>
    <SUURL>http://college.formission.org.uk/ba/programme/</SUURL>
  </LOCATION>
  <LOCATION>
    <UKPRN>10038763</UKPRN>
    <LOCID>MI</LOCID>
    <LOCNAME>Midlands Campus and Head Office</LOCNAME>
    <LATITUDE>52.422375</LATITUDE>
    <LONGITUDE>-1.938931</LONGITUDE>
    <LOCCOUNTRY>XF</LOCCOUNTRY>
    <SUURL>http://college.formission.org.uk/ba/programme/</SUURL>
  </LOCATION>
  <LOCATION>
    <UKPRN>10039082</UKPRN>
    <ACCOMURL>http://www.cityandguildsartschool.ac.uk/about-us/</ACCOMURL>
    <LOCID>KT</LOCID>
    <LOCNAME>Kennington</LOCNAME>
    <LATITUDE>51.487426</LATITUDE>
    <LONGITUDE>-0.107349</LONGITUDE>
    <LOCCOUNTRY>XF</LOCCOUNTRY>
    <SUURL>http://www.cityandguildsartschool.ac.uk/about-us/</SUURL>
  </LOCATION>
  <LOCATION>
    <UKPRN>10039956</UKPRN>
    <ACCOMURL>http://www.law.ac.uk/locations/birmingham/#accommodation</ACCOMURL>
    <LOCID>BI</LOCID>
    <LOCNAME>Birmingham</LOCNAME>
    <LATITUDE>52.488807</LATITUDE>
    <LONGITUDE>-1.907694</LONGITUDE>
    <LOCCOUNTRY>XF</LOCCOUNTRY>
    <SUURL>http://www.law.ac.uk/about/student-life/</SUURL>
  </LOCATION>
  <LOCATION>
    <UKPRN>10039956</UKPRN>
    <ACCOMURL>http://www.law.ac.uk/locations/bristol/#accommodation</ACCOMURL>
    <LOCID>BR</LOCID>
    <LOCNAME>Bristol</LOCNAME>
    <LATITUDE>51.450804</LATITUDE>
    <LONGITUDE>-2.585236</LONGITUDE>
    <LOCCOUNTRY>XF</LOCCOUNTRY>
    <SUURL>http://www.law.ac.uk/about/student-life/</SUURL>
  </LOCATION>
  <LOCATION>
    <UKPRN>10039956</UKPRN>
    <ACCOMURL>http://www.law.ac.uk/locations/chester/#accommodation</ACCOMURL>
    <LOCID>CH</LOCID>
    <LOCNAME>Chester</LOCNAME>
    <LATITUDE>53.185748</LATITUDE>
    <LONGITUDE>-2.842401</LONGITUDE>
    <LOCCOUNTRY>XF</LOCCOUNTRY>
    <SUURL>http://www.law.ac.uk/about/student-life/</SUURL>
  </LOCATION>
  <LOCATION>
    <UKPRN>10039956</UKPRN>
    <ACCOMURL>http://www.law.ac.uk/locations/guildford/#accommodation</ACCOMURL>
    <LOCID>GU</LOCID>
    <LOCNAME>Guildford</LOCNAME>
    <LATITUDE>51.224159</LATITUDE>
    <LONGITUDE>-0.583024</LONGITUDE>
    <LOCCOUNTRY>XF</LOCCOUNTRY>
    <SUURL>http://www.law.ac.uk/about/student-life/</SUURL>
  </LOCATION>
  <LOCATION>
    <UKPRN>10039956</UKPRN>
    <ACCOMURL>http://www.law.ac.uk/locations/leeds/#accommodation</ACCOMURL>
    <LOCID>LE</LOCID>
    <LOCNAME>Leeds</LOCNAME>
    <LATITUDE>53.798728</LATITUDE>
    <LONGITUDE>-1.547091</LONGITUDE>
    <LOCCOUNTRY>XF</LOCCOUNTRY>
    <SUURL>http://www.law.ac.uk/about/student-life/</SUURL>
  </LOCATION>
  <LOCATION>
    <UKPRN>10039956</UKPRN>
    <ACCOMURL>http://www.law.ac.uk/locations/london-bloomsbury/#accommodation</ACCOMURL>
    <LOCID>LO</LOCID>
    <LOCNAME>London</LOCNAME>
    <LATITUDE>51.520022</LATITUDE>
    <LONGITUDE>-0.131589</LONGITUDE>
    <LOCCOUNTRY>XF</LOCCOUNTRY>
    <SUURL>http://www.law.ac.uk/about/student-life/</SUURL>
  </LOCATION>
  <LOCATION>
    <UKPRN>10039956</UKPRN>
    <ACCOMURL>http://www.law.ac.uk/locations/manchester/#accommodation</ACCOMURL>
    <LOCID>MA</LOCID>
    <LOCNAME>Manchester</LOCNAME>
    <LATITUDE>53.480363</LATITUDE>
    <LONGITUDE>-2.239319</LONGITUDE>
    <LOCCOUNTRY>XF</LOCCOUNTRY>
    <SUURL>http://www.law.ac.uk/about/student-life/</SUURL>
  </LOCATION>
  <LOCATION>
    <UKPRN>10039956</UKPRN>
    <ACCOMURL>https://www.law.ac.uk/locations/nottingham/#accommodation</ACCOMURL>
    <LOCID>NO</LOCID>
    <LOCNAME>Nottingham</LOCNAME>
    <LATITUDE>52.95183</LATITUDE>
    <LONGITUDE>-1.1554</LONGITUDE>
    <LOCCOUNTRY>XF</LOCCOUNTRY>
    <SUURL>http://www.law.ac.uk/about/student-life/</SUURL>
  </LOCATION>
  <LOCATION>
    <UKPRN>10040812</UKPRN>
    <ACCOMURL>http://www.harper-adams.ac.uk/accommodation</ACCOMURL>
    <LOCID>HA</LOCID>
    <LOCNAME>Harper Adams University</LOCNAME>
    <LATITUDE>52.780019</LATITUDE>
    <LONGITUDE>-2.42538</LONGITUDE>
    <LOCUKPRN>10040812</LOCUKPRN>
    <LOCCOUNTRY>XF</LOCCOUNTRY>
    <SUURL>http://www.harpersu.com</SUURL>
  </LOCATION>
  <LOCATION>
    <UKPRN>10041295</UKPRN>
    <LOCID>DE</LOCID>
    <LOCNAME>Coleg Cambria Deeside Campus</LOCNAME>
    <LATITUDE>53.226421</LATITUDE>
    <LONGITUDE>-3.078921</LONGITUDE>
    <LOCCOUNTRY>XI</LOCCOUNTRY>
  </LOCATION>
  <LOCATION>
    <UKPRN>10041295</UKPRN>
    <LOCID>LY</LOCID>
    <LOCNAME>Coleg Cambria Llysfasi Campus</LOCNAME>
    <LATITUDE>53.062877</LATITUDE>
    <LONGITUDE>-3.270829</LONGITUDE>
    <LOCCOUNTRY>XI</LOCCOUNTRY>
  </LOCATION>
  <LOCATION>
    <UKPRN>10041295</UKPRN>
    <LOCID>NO</LOCID>
    <LOCNAME>Coleg Cambria Northop Campus</LOCNAME>
    <LATITUDE>53.212283</LATITUDE>
    <LONGITUDE>-3.144694</LONGITUDE>
    <LOCCOUNTRY>XI</LOCCOUNTRY>
  </LOCATION>
  <LOCATION>
    <UKPRN>10041295</UKPRN>
    <LOCID>YA</LOCID>
    <LOCNAME>Coleg Cambria Yale Campus</LOCNAME>
    <LATITUDE>53.050054</LATITUDE>
    <LONGITUDE>-2.992905</LONGITUDE>
    <LOCCOUNTRY>XI</LOCCOUNTRY>
  </LOCATION>
  <LOCATION>
    <UKPRN>10041898</UKPRN>
    <ACCOMURL>http://apexcollege.co.uk/student-life/facility-and-support/</ACCOMURL>
    <LOCID>HY</LOCID>
    <LOCNAME>First Floor, Manor Housem 224-236 Walworth Road, SE17 1JE</LOCNAME>
    <LATITUDE>51.488718</LATITUDE>
    <LONGITUDE>-0.096152</LONGITUDE>
    <LOCUKPRN>10041898</LOCUKPRN>
    <LOCCOUNTRY>XF</LOCCOUNTRY>
    <SUURL>http://apexcollege.co.uk/</SUURL>
  </LOCATION>
  <LOCATION>
    <UKPRN>10042364</UKPRN>
    <LOCID>BW</LOCID>
    <LOCNAME>Taynuilt, Argyll</LOCNAME>
    <LATITUDE>56.418367</LATITUDE>
    <LONGITUDE>-5.2167</LONGITUDE>
    <LOCUKPRN>10042364</LOCUKPRN>
    <LOCCOUNTRY>XH</LOCCOUNTRY>
    <SUURL>http://balletwest.ac.uk/</SUURL>
  </LOCATION>
  <LOCATION>
    <UKPRN>10042570</UKPRN>
    <ACCOMURL>http://www.placeholder.com</ACCOMURL>
    <LOCID>MC</LOCID>
    <LOCNAME>MidTown Campus, 190 High Holborn</LOCNAME>
    <LATITUDE>51.516764</LATITUDE>
    <LONGITUDE>-0.122973</LONGITUDE>
    <LOCUKPRN>10042570</LOCUKPRN>
    <LOCCOUNTRY>XF</LOCCOUNTRY>
    <SUURL>http://www.placeholder.com</SUURL>
  </LOCATION>
  <LOCATION>
    <UKPRN>10045289</UKPRN>
    <LOCID>LO</LOCID>
    <LOCNAME>St Johns Wood, London</LOCNAME>
    <LATITUDE>51.534439</LATITUDE>
    <LONGITUDE>-0.181478</LONGITUDE>
    <LOCCOUNTRY>XF</LOCCOUNTRY>
    <SUURL>https://www.londonmetsu.org.uk/</SUURL>
  </LOCATION>
  <LOCATION>
    <UKPRN>10045476</UKPRN>
    <LOCID>ES</LOCID>
    <LOCNAME>Ealing Studios</LOCNAME>
    <LATITUDE>51.50881</LATITUDE>
    <LONGITUDE>-0.307005</LONGITUDE>
    <LOCCOUNTRY>XF</LOCCOUNTRY>
    <SUURL>http://www.uwlsu.com</SUURL>
  </LOCATION>
  <LOCATION>
    <UKPRN>10048199</UKPRN>
    <ACCOMURL>https://www.nchlondon.ac.uk/accommodation/student-options/</ACCOMURL>
    <LOCID>LB</LOCID>
    <LOCNAME>London, Bloomsbury</LOCNAME>
    <LATITUDE>51.519284</LATITUDE>
    <LONGITUDE>-0.13097</LONGITUDE>
    <LOCUKPRN>10048199</LOCUKPRN>
    <LOCCOUNTRY>XF</LOCCOUNTRY>
    <SUURL>https://www.nchlondon.ac.uk/student-union/</SUURL>
  </LOCATION>
  <LOCATION>
    <UKPRN>10053279</UKPRN>
    <LOCID>TH</LOCID>
    <LOCNAME>Nottingham</LOCNAME>
    <LATITUDE>52.951707</LATITUDE>
    <LONGITUDE>-1.154566</LONGITUDE>
    <LOCUKPRN>10053279</LOCUKPRN>
    <LOCCOUNTRY>XF</LOCCOUNTRY>
    <SUURL>http://www.staffs.ac.uk/support_depts/students_union/</SUURL>
  </LOCATION>
  <LOCATION>
    <UKPRN>10080811</UKPRN>
    <ACCOMURL>https://www.hartpury.ac.uk/university-centre/facilities/life-at-hartpury/accommodation/</ACCOMURL>
    <LOCID>HC</LOCID>
    <LOCNAME>Hartpury College</LOCNAME>
    <LATITUDE>51.904922</LATITUDE>
    <LONGITUDE>-2.310254</LONGITUDE>
    <LOCUKPRN>10002919</LOCUKPRN>
    <LOCCOUNTRY>XF</LOCCOUNTRY>
    <SUURL>http://hartpurysu.co.uk/</SUURL>
  </LOCATION>
  <LOCATION>
    <UKPRN>99999997</UKPRN>
    <ACCOMURL>http://www.msp.ac.uk/student-life/accommodation.html</ACCOMURL>
    <LOCID>ME</LOCID>
    <LOCNAME>Medway Campus</LOCNAME>
    <LATITUDE>51.39693</LATITUDE>
    <LONGITUDE>0.539673</LONGITUDE>
    <LOCCOUNTRY>XF</LOCCOUNTRY>
    <SUURL>https://www.gkunions.co.uk/</SUURL>
  </LOCATION>
  <LOCATION>
    <UKPRN>99999998</UKPRN>
    <ACCOMURL>http://www.york.ac.uk/accommodation-costs</ACCOMURL>
    <LOCID>Y1</LOCID>
    <LOCNAME>The University of York</LOCNAME>
    <LATITUDE>53.948333</LATITUDE>
    <LONGITUDE>-1.053611</LONGITUDE>
    <LOCUKPRN>10007167</LOCUKPRN>
    <LOCCOUNTRY>XF</LOCCOUNTRY>
    <SUURL>http://www.yusu.org/</SUURL>
  </LOCATION>
  <LOCATION>
    <UKPRN>99999998</UKPRN>
    <ACCOMURL>http://www2.hull.ac.uk/student/accommodation-new/accommodationhull/first-year-students.aspx</ACCOMURL>
    <LOCID>HC</LOCID>
    <LOCNAME>The University of Hull</LOCNAME>
    <LATITUDE>53.76964</LATITUDE>
    <LONGITUDE>-0.367165</LONGITUDE>
    <LOCUKPRN>10007149</LOCUKPRN>
    <LOCCOUNTRY>XF</LOCCOUNTRY>
    <SUURL>http://www.hullstudent.com/</SUURL>
  </LOCATION>
  <LOCATION>
    <UKPRN>99999999</UKPRN>
    <ACCOMURL>http://www.bsms.ac.uk/undergraduate/our-course</ACCOMURL>
    <LOCID>KF</LOCID>
    <LOCNAME>Falmer</LOCNAME>
    <LATITUDE>50.860268</LATITUDE>
    <LONGITUDE>-0.085662</LONGITUDE>
    <LOCUKPRN>99999999</LOCUKPRN>
    <LOCCOUNTRY>XF</LOCCOUNTRY>
    <SUURL>http://www.bsms.ac.uk/undergraduate/campus-life/student-life/</SUURL>
  </LOCATION>
  <INSTITUTION>
    <PUBUKPRN>10000047</PUBUKPRN>
    <UKPRN>10001143</UKPRN>
    <COUNTRY>XF</COUNTRY>
    <PUBUKPRNCOUNTRY>XF</PUBUKPRNCOUNTRY>
    <TEFOutcome>Did not participate</TEFOutcome>
    <SUURL>http://ccsu.co.uk/</SUURL>
    <KISCOURSE>
      <ASSURL>https://www.canterbury.ac.uk/study-here/courses/undergraduate/ophthalmic-dispensing-19-20.aspx</ASSURL>
      <CRSEURL>https://www.canterbury.ac.uk/study-here/courses/undergraduate/ophthalmic-dispensing-19-20.aspx</CRSEURL>
      <DISTANCE>0</DISTANCE>
      <EMPLOYURL>http://www.canterbury.ac.uk/career-development/information-for-prospective-students.aspx</EMPLOYURL>
      <FOUNDATION>0</FOUNDATION>
      <HONOURS>0</HONOURS>
      <KISCOURSEID>PSSFDOPTDIS</KISCOURSEID>
      <KISMODE>1</KISMODE>
      <LOCCHNGE>0</LOCCHNGE>
      <LTURL>https://www.canterbury.ac.uk/study-here/courses/undergraduate/ophthalmic-dispensing-19-20.aspx</LTURL>
      <NUMSTAGE>2</NUMSTAGE>
      <SANDWICH>0</SANDWICH>
      <SUPPORTURL>http://www.canterbury.ac.uk/study-here/fees-and-funding/undergraduate-fees-funding/scholarships-bursaries-and-financial-support.aspx</SUPPORTURL>
      <TITLE>Ophthalmic Dispensing</TITLE>
      <UCASPROGID>A19-H32</UCASPROGID>
      <YEARABROAD>0</YEARABROAD>
      <KISAIMCODE>030</KISAIMCODE>
      <SBJ>CAH02-03-03</SBJ>
      <COMMON>
        <COMUNAVAILREASON>0</COMUNAVAILREASON>
        <COMPOP>10</COMPOP>
        <COMRESP_RATE>70</COMRESP_RATE>
        <COMAGG>14</COMAGG>
        <JOBLIST>
          <JOB>Health associate professionals</JOB>
          <PERC>80</PERC>
          <ORDER>1</ORDER>
        </JOBLIST>
        <JOBLIST>
          <JOB>Sales occupations</JOB>
          <PERC>20</PERC>
          <ORDER>2</ORDER>
        </JOBLIST>
      </COMMON>
      <CONTINUATION>
        <CONTUNAVAILREASON>0</CONTUNAVAILREASON>
        <CONTPOP>30</CONTPOP>
        <CONTAGG>14</CONTAGG>
        <UCONT>85</UCONT>
        <UDORMANT>0</UDORMANT>
        <UGAINED>0</UGAINED>
        <ULEFT>5</ULEFT>
        <ULOWER>15</ULOWER>
      </CONTINUATION>
      <COURSELOCATION>
        <LOCID>A1</LOCID>
        <UCASCOURSEID>6073</UCASCOURSEID>
      </COURSELOCATION>
      <DEGREECLASS>
        <DEGUNAVAILREASON>1</DEGUNAVAILREASON>
      </DEGREECLASS>
      <EMPLOYMENT>
        <EMPUNAVAILREASON>0</EMPUNAVAILREASON>
        <EMPPOP>20</EMPPOP>
        <EMPRESP_RATE>70</EMPRESP_RATE>
        <EMPAGG>14</EMPAGG>
        <WORKSTUDY>100</WORKSTUDY>
        <STUDY>40</STUDY>
        <ASSUNEMP>0</ASSUNEMP>
        <BOTH>35</BOTH>
        <NOAVAIL>0</NOAVAIL>
        <WORK>30</WORK>
      </EMPLOYMENT>
      <ENTRY>
        <ENTUNAVAILREASON>0</ENTUNAVAILREASON>
        <ENTPOP>35</ENTPOP>
        <ENTAGG>14</ENTAGG>
        <ACCESS>5</ACCESS>
        <ALEVEL>45</ALEVEL>
        <BACC>0</BACC>
        <DEGREE>20</DEGREE>
        <FOUNDTN>0</FOUNDTN>
        <NOQUALS>5</NOQUALS>
        <OTHER>20</OTHER>
        <OTHERHE>10</OTHERHE>
      </ENTRY>
      <JOBTYPE>
        <JOBUNAVAILREASON>0</JOBUNAVAILREASON>
        <JOBPOP>10</JOBPOP>
        <JOBRESP_RATE>70</JOBRESP_RATE>
        <JOBAGG>14</JOBAGG>
        <PROFMAN>80</PROFMAN>
        <OTHERJOB>20</OTHERJOB>
        <UNKWN>0</UNKWN>
      </JOBTYPE>
      <NHSNSS>
        <NHSUNAVAILREASON>0</NHSUNAVAILREASON>
      </NHSNSS>
      <NSS>
        <NSSUNAVAILREASON>0</NSSUNAVAILREASON>
        <NSSPOP>15</NSSPOP>
        <NSSRESP_RATE>56</NSSRESP_RATE>
        <NSSAGG>14</NSSAGG>
        <Q1>100</Q1>
        <Q2>100</Q2>
        <Q3>93</Q3>
        <Q4>71</Q4>
        <Q5>79</Q5>
        <Q6>79</Q6>
        <Q7>86</Q7>
        <Q8>71</Q8>
        <Q9>64</Q9>
        <Q10>86</Q10>
        <Q11>79</Q11>
        <Q12>77</Q12>
        <Q13>79</Q13>
        <Q14>69</Q14>
        <Q15>86</Q15>
        <Q16>64</Q16>
        <Q17>79</Q17>
        <Q18>85</Q18>
        <Q19>77</Q19>
        <Q20>91</Q20>
        <Q21>75</Q21>
        <Q22>82</Q22>
        <Q23>77</Q23>
        <Q24>100</Q24>
        <Q25>86</Q25>
        <Q26>60</Q26>
        <Q27>100</Q27>
      </NSS>
      <SALARY>
        <SALUNAVAILREASON>0</SALUNAVAILREASON>
      </SALARY>
      <LEO>
        <LEOUNAVAILREASON>0</LEOUNAVAILREASON>
        <LEOPOP>25</LEOPOP>
        <LEOAGG>23</LEOAGG>
        <LEOSBJ>CAH02-03-03</LEOSBJ>
        <LEOLQ>19500</LEOLQ>
        <LEOMED>22000</LEOMED>
        <LEOUQ>25500</LEOUQ>
      </LEO>
      <TARIFF>
        <TARUNAVAILREASON>0</TARUNAVAILREASON>
        <TARPOP>10</TARPOP>
        <TARAGG>24</TARAGG>
        <T001>10</T001>
        <T048>10</T048>
        <T064>10</T064>
        <T080>15</T080>
        <T096>10</T096>
        <T112>35</T112>
        <T128>10</T128>
        <T144>0</T144>
        <T160>10</T160>
        <T176>0</T176>
        <T192>0</T192>
        <T208>0</T208>
        <T224>0</T224>
        <T240>0</T240>
      </TARIFF>
    </KISCOURSE>
  </INSTITUTION>
  <INSTITUTION>
    <PUBUKPRN>10000055</PUBUKPRN>
    <UKPRN>10000055</UKPRN>
    <COUNTRY>XF</COUNTRY>
    <PUBUKPRNCOUNTRY>XF</PUBUKPRNCOUNTRY>
    <TEFOutcome>Silver</TEFOutcome>
    <APROutcome>Meets requirements</APROutcome>
    <SUURL>http://www.nus.org.uk/en/students-unions/abingdon-and-witney-college-students-union/</SUURL>
    <KISCOURSE>
      <ASSURL>http://www.abingdon-witney.ac.uk/course/?code=EHWE103P&amp;year=A18/19&amp;title=Animal+Behaviour+and+Welfare%2C+Foundation+Degree+</ASSURL>
      <CRSEURL>http://www.abingdon-witney.ac.uk/course/?code=EHWE103P&amp;year=A18/19&amp;title=Animal+Behaviour+and+Welfare%2C+Foundation+Degree+</CRSEURL>
      <DISTANCE>0</DISTANCE>
      <EMPLOYURL>http://www.abingdon-witney.ac.uk/course/?code=EHWE103P&amp;year=A18/19&amp;title=Animal+Behaviour+and+Welfare%2C+Foundation+Degree+</EMPLOYURL>
      <FOUNDATION>0</FOUNDATION>
      <HONOURS>0</HONOURS>
      <KISCOURSEID>AB20</KISCOURSEID>
      <KISMODE>1</KISMODE>
      <LOCCHNGE>0</LOCCHNGE>
      <LTURL>http://www.abingdon-witney.ac.uk/course/?code=EHWE103P&amp;year=A18/19&amp;title=Animal+Behaviour+and+Welfare%2C+Foundation+Degree+</LTURL>
      <NUMSTAGE>2</NUMSTAGE>
      <SANDWICH>0</SANDWICH>
      <SUPPORTURL>http://www.brookes.ac.uk/studying-at-brookes/finance/undergraduate-finance---uk-and-eu-students/financial-support/financial-support-uk-eu-2018-19/</SUPPORTURL>
      <TITLE>Animal Behaviour and Welfare</TITLE>
      <UKPRNAPPLY>10004930</UKPRNAPPLY>
      <YEARABROAD>0</YEARABROAD>
      <KISAIMCODE>036</KISAIMCODE>
      <SBJ>CAH06-01-01</SBJ>
      <COMMON>
        <COMUNAVAILREASON>0</COMUNAVAILREASON>
      </COMMON>
      <CONTINUATION>
        <CONTUNAVAILREASON>0</CONTUNAVAILREASON>
        <CONTPOP>15</CONTPOP>
        <CONTAGG>14</CONTAGG>
        <UCONT>100</UCONT>
        <UDORMANT>0</UDORMANT>
        <UGAINED>0</UGAINED>
        <ULEFT>0</ULEFT>
        <ULOWER>0</ULOWER>
      </CONTINUATION>
      <COURSELOCATION>
        <LOCID>CL</LOCID>
      </COURSELOCATION>
      <DEGREECLASS>
        <DEGUNAVAILREASON>1</DEGUNAVAILREASON>
      </DEGREECLASS>
      <EMPLOYMENT>
        <EMPUNAVAILREASON>0</EMPUNAVAILREASON>
        <EMPPOP>15</EMPPOP>
        <EMPRESP_RATE>100</EMPRESP_RATE>
        <EMPAGG>14</EMPAGG>
        <WORKSTUDY>95</WORKSTUDY>
        <STUDY>80</STUDY>
        <ASSUNEMP>5</ASSUNEMP>
        <BOTH>5</BOTH>
        <NOAVAIL>0</NOAVAIL>
        <WORK>5</WORK>
      </EMPLOYMENT>
      <ENTRY>
        <ENTUNAVAILREASON>0</ENTUNAVAILREASON>
        <ENTPOP>20</ENTPOP>
        <ENTAGG>14</ENTAGG>
        <ACCESS>0</ACCESS>
        <ALEVEL>65</ALEVEL>
        <BACC>5</BACC>
        <DEGREE>5</DEGREE>
        <FOUNDTN>0</FOUNDTN>
        <NOQUALS>5</NOQUALS>
        <OTHER>0</OTHER>
        <OTHERHE>15</OTHERHE>
      </ENTRY>
      <JOBTYPE>
        <JOBUNAVAILREASON>0</JOBUNAVAILREASON>
      </JOBTYPE>
      <NHSNSS>
        <NHSUNAVAILREASON>0</NHSUNAVAILREASON>
      </NHSNSS>
      <NSS>
        <NSSUNAVAILREASON>0</NSSUNAVAILREASON>
        <NSSPOP>13</NSSPOP>
        <NSSRESP_RATE>93</NSSRESP_RATE>
        <NSSAGG>14</NSSAGG>
        <Q1>92</Q1>
        <Q2>100</Q2>
        <Q3>69</Q3>
        <Q4>92</Q4>
        <Q5>85</Q5>
        <Q6>92</Q6>
        <Q7>77</Q7>
        <Q8>77</Q8>
        <Q9>62</Q9>
        <Q10>69</Q10>
        <Q11>85</Q11>
        <Q12>62</Q12>
        <Q13>77</Q13>
        <Q14>77</Q14>
        <Q15>54</Q15>
        <Q16>85</Q16>
        <Q17>77</Q17>
        <Q18>42</Q18>
        <Q19>85</Q19>
        <Q20>77</Q20>
        <Q21>69</Q21>
        <Q22>85</Q22>
        <Q23>77</Q23>
        <Q24>85</Q24>
        <Q25>69</Q25>
        <Q26>0</Q26>
        <Q27>85</Q27>
      </NSS>
      <SALARY>
        <SALUNAVAILREASON>0</SALUNAVAILREASON>
      </SALARY>
      <LEO>
        <LEOUNAVAILREASON>0</LEOUNAVAILREASON>
        <LEOPOP>15</LEOPOP>
        <LEOAGG>23</LEOAGG>
        <LEOSBJ>CAH06-01-01</LEOSBJ>
        <LEOLQ>14000</LEOLQ>
        <LEOMED>17000</LEOMED>
        <LEOUQ>23500</LEOUQ>
      </LEO>
      <TARIFF>
        <TARUNAVAILREASON>0</TARUNAVAILREASON>
        <TARPOP>10</TARPOP>
        <TARAGG>14</TARAGG>
        <T001>20</T001>
        <T048>0</T048>
        <T064>20</T064>
        <T080>30</T080>
        <T096>0</T096>
        <T112>0</T112>
        <T128>10</T128>
        <T144>0</T144>
        <T160>10</T160>
        <T176>0</T176>
        <T192>0</T192>
        <T208>10</T208>
        <T224>0</T224>
        <T240>0</T240>
      </TARIFF>
    </KISCOURSE>
    <KISCOURSE>
      <ASSURL>http://www.abingdon-witney.ac.uk/course/?code=EHCM102P&amp;year=A18/19&amp;title=Animal+Behaviour+and+Welfare%2C+BSc+%28Hons%29+-+Top+Up</ASSURL>
      <CRSEURL>http://www.abingdon-witney.ac.uk/course/?code=EHCM102P&amp;year=A18/19&amp;title=Animal+Behaviour+and+Welfare%2C+BSc+%28Hons%29+-+Top+Up</CRSEURL>
      <DISTANCE>0</DISTANCE>
      <EMPLOYURL>http://www.abingdon-witney.ac.uk/course/?code=EHCM102P&amp;year=A18/19&amp;title=Animal+Behaviour+and+Welfare%2C+BSc+%28Hons%29+-+Top+Up</EMPLOYURL>
      <FOUNDATION>2</FOUNDATION>
      <HONOURS>1</HONOURS>
      <HECOS>100522</HECOS>
      <KISCOURSEID>AB27</KISCOURSEID>
      <KISMODE>1</KISMODE>
      <LOCCHNGE>0</LOCCHNGE>
      <LTURL>http://www.abingdon-witney.ac.uk/course/?code=EHCM102P&amp;year=A18/19&amp;title=Animal+Behaviour+and+Welfare%2C+BSc+%28Hons%29+-+Top+Up</LTURL>
      <NHS>0</NHS>
      <NUMSTAGE>3</NUMSTAGE>
      <SANDWICH>0</SANDWICH>
      <SUPPORTURL>http://www.brookes.ac.uk/studying-at-brookes/finance/undergraduate-finance---uk-and-eu-students/financial-support/financial-support-uk-eu-2018-19/</SUPPORTURL>
      <TITLE>Animal Behaviour &amp; Welfare (Top Up)</TITLE>
      <UKPRNAPPLY>10004930</UKPRNAPPLY>
      <YEARABROAD>0</YEARABROAD>
      <KISAIMCODE>021</KISAIMCODE>
      <SBJ>CAH06-01-01</SBJ>
      <COMMON>
        <COMUNAVAILREASON>1</COMUNAVAILREASON>
        <COMPOP>15</COMPOP>
        <COMRESP_RATE>88</COMRESP_RATE>
        <COMAGG>13</COMAGG>
        <COMSBJ>CAH06-01-01</COMSBJ>
        <JOBLIST>
          <JOB>Business and Public Service Associate Professionals</JOB>
          <PERC>30</PERC>
          <ORDER>1</ORDER>
        </JOBLIST>
        <JOBLIST>
          <JOB>Animal Care and Control Services</JOB>
          <PERC>25</PERC>
          <ORDER>2</ORDER>
        </JOBLIST>
        <JOBLIST>
          <JOB>Managers, Directors and Senior Officials</JOB>
          <PERC>10</PERC>
          <ORDER>3</ORDER>
        </JOBLIST>
        <JOBLIST>
          <JOB>Information Technology and Telecommunications Professionals</JOB>
          <PERC>5</PERC>
          <ORDER>4</ORDER>
        </JOBLIST>
        <JOBLIST>
          <JOB>Welfare and Housing Associate Professionals</JOB>
          <PERC>5</PERC>
          <ORDER>5</ORDER>
        </JOBLIST>
        <JOBLIST>
          <JOB>Artistic, Literary and Media Occupations</JOB>
          <PERC>5</PERC>
          <ORDER>6</ORDER>
        </JOBLIST>
        <JOBLIST>
          <JOB>Sports and Fitness Occupations</JOB>
          <PERC>5</PERC>
          <ORDER>7</ORDER>
        </JOBLIST>
        <JOBLIST>
          <JOB>Customer Service Occupations</JOB>
          <PERC>5</PERC>
          <ORDER>8</ORDER>
        </JOBLIST>
        <JOBLIST>
          <JOB>Elementary Occupations</JOB>
          <PERC>5</PERC>
          <ORDER>9</ORDER>
        </JOBLIST>
        <JOBLIST>
          <JOB>Skilled Trades Occupations</JOB>
          <PERC>0</PERC>
          <ORDER>10</ORDER>
        </JOBLIST>
      </COMMON>
      <CONTINUATION>
        <CONTUNAVAILREASON>1</CONTUNAVAILREASON>
        <CONTPOP>15</CONTPOP>
        <CONTAGG>13</CONTAGG>
        <CONTSBJ>CAH06-01-01</CONTSBJ>
        <UCONT>0</UCONT>
        <UDORMANT>0</UDORMANT>
        <UGAINED>100</UGAINED>
        <ULEFT>0</ULEFT>
        <ULOWER>0</ULOWER>
      </CONTINUATION>
      <COURSELOCATION>
        <LOCID>CL</LOCID>
      </COURSELOCATION>
      <DEGREECLASS>
        <DEGUNAVAILREASON>1</DEGUNAVAILREASON>
        <DEGPOP>30</DEGPOP>
        <DEGAGG>13</DEGAGG>
        <DEGSBJ>CAH06-01-01</DEGSBJ>
        <UFIRST>40</UFIRST>
        <UUPPER>30</UUPPER>
        <ULOWER>25</ULOWER>
        <UOTHER>5</UOTHER>
        <UORDINARY>0</UORDINARY>
        <UDISTINCTION>0</UDISTINCTION>
        <UMERIT>0</UMERIT>
        <UPASS>0</UPASS>
        <UNA>0</UNA>
      </DEGREECLASS>
      <EMPLOYMENT>
        <EMPUNAVAILREASON>1</EMPUNAVAILREASON>
        <EMPPOP>20</EMPPOP>
        <EMPRESP_RATE>88</EMPRESP_RATE>
        <EMPAGG>13</EMPAGG>
        <EMPSBJ>CAH06-01-01</EMPSBJ>
        <WORKSTUDY>100</WORKSTUDY>
        <STUDY>15</STUDY>
        <ASSUNEMP>0</ASSUNEMP>
        <BOTH>10</BOTH>
        <NOAVAIL>0</NOAVAIL>
        <WORK>75</WORK>
      </EMPLOYMENT>
      <ENTRY>
        <ENTUNAVAILREASON>1</ENTUNAVAILREASON>
        <ENTPOP>20</ENTPOP>
        <ENTAGG>13</ENTAGG>
        <ENTSBJ>CAH06-01-01</ENTSBJ>
        <ACCESS>0</ACCESS>
        <ALEVEL>40</ALEVEL>
        <BACC>5</BACC>
        <DEGREE>0</DEGREE>
        <FOUNDTN>0</FOUNDTN>
        <NOQUALS>0</NOQUALS>
        <OTHER>15</OTHER>
        <OTHERHE>45</OTHERHE>
      </ENTRY>
      <JOBTYPE>
        <JOBUNAVAILREASON>1</JOBUNAVAILREASON>
        <JOBPOP>15</JOBPOP>
        <JOBRESP_RATE>88</JOBRESP_RATE>
        <JOBAGG>13</JOBAGG>
        <JOBSBJ>CAH06-01-01</JOBSBJ>
        <PROFMAN>65</PROFMAN>
        <OTHERJOB>35</OTHERJOB>
        <UNKWN>0</UNKWN>
      </JOBTYPE>
      <NHSNSS>
        <NHSUNAVAILREASON>1</NHSUNAVAILREASON>
      </NHSNSS>
      <NSS>
        <NSSUNAVAILREASON>1</NSSUNAVAILREASON>
        <NSSPOP>16</NSSPOP>
        <NSSRESP_RATE>94</NSSRESP_RATE>
        <NSSAGG>13</NSSAGG>
        <NSSSBJ>CAH06-01-01</NSSSBJ>
        <Q1>100</Q1>
        <Q2>88</Q2>
        <Q3>81</Q3>
        <Q4>81</Q4>
        <Q5>81</Q5>
        <Q6>88</Q6>
        <Q7>69</Q7>
        <Q8>81</Q8>
        <Q9>75</Q9>
        <Q10>88</Q10>
        <Q11>94</Q11>
        <Q12>88</Q12>
        <Q13>69</Q13>
        <Q14>69</Q14>
        <Q15>44</Q15>
        <Q16>75</Q16>
        <Q17>69</Q17>
        <Q18>88</Q18>
        <Q19>69</Q19>
        <Q20>80</Q20>
        <Q21>81</Q21>
        <Q22>88</Q22>
        <Q23>75</Q23>
        <Q24>81</Q24>
        <Q25>63</Q25>
        <Q26>19</Q26>
        <Q27>88</Q27>
      </NSS>
      <SALARY>
        <SALUNAVAILREASON>1</SALUNAVAILREASON>
      </SALARY>
      <LEO>
        <LEOUNAVAILREASON>1</LEOUNAVAILREASON>
      </LEO>
      <TARIFF>
        <TARUNAVAILREASON>1</TARUNAVAILREASON>
      </TARIFF>
    </KISCOURSE>
    <KISCOURSE>
      <ASSURL>http://www.abingdon-witney.ac.uk/course/?code=FHAG305P&amp;year=A18/19&amp;title=Electrical+and+Electronic+Engineering%2C+Foundation+Degree+-+Full-Time</ASSURL>
      <CRSEURL>http://www.abingdon-witney.ac.uk/course/?code=FHAG305P&amp;year=A18/19&amp;title=Electrical+and+Electronic+Engineering%2C+Foundation+Degree+-+Full-Time</CRSEURL>
      <DISTANCE>0</DISTANCE>
      <EMPLOYURL>http://www.abingdon-witney.ac.uk/course/?code=FHAG305P&amp;year=A18/19&amp;title=Electrical+and+Electronic+Engineering%2C+Foundation+Degree+-+Full-Time</EMPLOYURL>
      <FOUNDATION>0</FOUNDATION>
      <HONOURS>0</HONOURS>
      <KISCOURSEID>AB28</KISCOURSEID>
      <KISMODE>1</KISMODE>
      <LOCCHNGE>0</LOCCHNGE>
      <LTURL>http://www.abingdon-witney.ac.uk/course/?code=FHAG305P&amp;year=A18/19&amp;title=Electrical+and+Electronic+Engineering%2C+Foundation+Degree+-+Full-Time</LTURL>
      <NUMSTAGE>2</NUMSTAGE>
      <SANDWICH>0</SANDWICH>
      <SUPPORTURL>http://www.brookes.ac.uk/studying-at-brookes/finance/undergraduate-finance---uk-and-eu-students/financial-support/financial-support-uk-eu-2018-19/</SUPPORTURL>
      <TITLE>Electrical and Electronic Engineering</TITLE>
      <UKPRNAPPLY>10004930</UKPRNAPPLY>
      <YEARABROAD>0</YEARABROAD>
      <KISAIMCODE>034</KISAIMCODE>
      <SBJ>CAH10-01-08</SBJ>
      <COMMON>
        <COMUNAVAILREASON>0</COMUNAVAILREASON>
        <COMPOP>10</COMPOP>
        <COMRESP_RATE>90</COMRESP_RATE>
        <COMAGG>24</COMAGG>
      </COMMON>
      <CONTINUATION>
        <CONTUNAVAILREASON>0</CONTUNAVAILREASON>
        <CONTPOP>25</CONTPOP>
        <CONTAGG>14</CONTAGG>
        <UCONT>40</UCONT>
        <UDORMANT>10</UDORMANT>
        <UGAINED>45</UGAINED>
        <ULEFT>5</ULEFT>
        <ULOWER>5</ULOWER>
      </CONTINUATION>
      <COURSELOCATION>
        <LOCID>AB</LOCID>
      </COURSELOCATION>
      <DEGREECLASS>
        <DEGUNAVAILREASON>1</DEGUNAVAILREASON>
      </DEGREECLASS>
      <EMPLOYMENT>
        <EMPUNAVAILREASON>0</EMPUNAVAILREASON>
        <EMPPOP>20</EMPPOP>
        <EMPRESP_RATE>90</EMPRESP_RATE>
        <EMPAGG>24</EMPAGG>
        <WORKSTUDY>100</WORKSTUDY>
        <STUDY>30</STUDY>
        <ASSUNEMP>0</ASSUNEMP>
        <BOTH>40</BOTH>
        <NOAVAIL>0</NOAVAIL>
        <WORK>35</WORK>
      </EMPLOYMENT>
      <ENTRY>
        <ENTUNAVAILREASON>0</ENTUNAVAILREASON>
        <ENTPOP>25</ENTPOP>
        <ENTAGG>24</ENTAGG>
        <ACCESS>0</ACCESS>
        <ALEVEL>60</ALEVEL>
        <BACC>0</BACC>
        <DEGREE>0</DEGREE>
        <FOUNDTN>0</FOUNDTN>
        <NOQUALS>10</NOQUALS>
        <OTHER>20</OTHER>
        <OTHERHE>10</OTHERHE>
      </ENTRY>
      <JOBTYPE>
        <JOBUNAVAILREASON>0</JOBUNAVAILREASON>
        <JOBPOP>10</JOBPOP>
        <JOBRESP_RATE>90</JOBRESP_RATE>
        <JOBAGG>24</JOBAGG>
        <PROFMAN>90</PROFMAN>
        <OTHERJOB>10</OTHERJOB>
        <UNKWN>0</UNKWN>
      </JOBTYPE>
      <NHSNSS>
        <NHSUNAVAILREASON>0</NHSUNAVAILREASON>
      </NHSNSS>
      <NSS>
        <NSSUNAVAILREASON>0</NSSUNAVAILREASON>
        <NSSPOP>12</NSSPOP>
        <NSSRESP_RATE>75</NSSRESP_RATE>
        <NSSAGG>12</NSSAGG>
        <NSSSBJ>CAH10-01</NSSSBJ>
        <Q1>100</Q1>
        <Q2>92</Q2>
        <Q3>100</Q3>
        <Q4>92</Q4>
        <Q5>67</Q5>
        <Q6>83</Q6>
        <Q7>83</Q7>
        <Q8>50</Q8>
        <Q9>83</Q9>
        <Q10>58</Q10>
        <Q11>83</Q11>
        <Q12>100</Q12>
        <Q13>100</Q13>
        <Q14>92</Q14>
        <Q15>75</Q15>
        <Q16>75</Q16>
        <Q17>100</Q17>
        <Q18>100</Q18>
        <Q19>83</Q19>
        <Q20>92</Q20>
        <Q21>91</Q21>
        <Q22>92</Q22>
        <Q23>92</Q23>
        <Q24>92</Q24>
        <Q25>92</Q25>
        <Q26>80</Q26>
        <Q27>100</Q27>
      </NSS>
      <SALARY>
        <SALUNAVAILREASON>0</SALUNAVAILREASON>
      </SALARY>
      <LEO>
        <LEOUNAVAILREASON>1</LEOUNAVAILREASON>
      </LEO>
      <TARIFF>
        <TARUNAVAILREASON>0</TARUNAVAILREASON>
      </TARIFF>
    </KISCOURSE>
    <KISCOURSE>
      <ASSURL>http://www.abingdon-witney.ac.uk/course/?code=FHAG306P&amp;year=A18/19&amp;title=Mechanical+Engineering%2C+Foundation+Degree+-+Full-Time</ASSURL>
      <CRSEURL>http://www.abingdon-witney.ac.uk/course/?code=FHAG306P&amp;year=A18/19&amp;title=Mechanical+Engineering%2C+Foundation+Degree+-+Full-Time</CRSEURL>
      <DISTANCE>0</DISTANCE>
      <EMPLOYURL>http://www.abingdon-witney.ac.uk/course/?code=FHAG306P&amp;year=A18/19&amp;title=Mechanical+Engineering%2C+Foundation+Degree+-+Full-Time</EMPLOYURL>
      <FOUNDATION>0</FOUNDATION>
      <HONOURS>0</HONOURS>
      <KISCOURSEID>AB29</KISCOURSEID>
      <KISMODE>1</KISMODE>
      <LOCCHNGE>0</LOCCHNGE>
      <LTURL>http://www.abingdon-witney.ac.uk/course/?code=FHAG306P&amp;year=A18/19&amp;title=Mechanical+Engineering%2C+Foundation+Degree+-+Full-Time</LTURL>
      <NUMSTAGE>2</NUMSTAGE>
      <SANDWICH>0</SANDWICH>
      <SUPPORTURL>http://www.brookes.ac.uk/studying-at-brookes/finance/undergraduate-finance---uk-and-eu-students/financial-support/financial-support-uk-eu-2018-19/</SUPPORTURL>
      <TITLE>Mechanical Engineering</TITLE>
      <UKPRNAPPLY>10004930</UKPRNAPPLY>
      <YEARABROAD>0</YEARABROAD>
      <KISAIMCODE>034</KISAIMCODE>
      <SBJ>CAH10-01-02</SBJ>
      <COMMON>
        <COMUNAVAILREASON>0</COMUNAVAILREASON>
        <COMPOP>15</COMPOP>
        <COMRESP_RATE>91</COMRESP_RATE>
        <COMAGG>22</COMAGG>
        <COMSBJ>CAH10-01</COMSBJ>
        <JOBLIST>
          <JOB>Engineering Professionals</JOB>
          <PERC>40</PERC>
          <ORDER>1</ORDER>
        </JOBLIST>
        <JOBLIST>
          <JOB>Science, Engineering and Technology Associate Professionals</JOB>
          <PERC>25</PERC>
          <ORDER>2</ORDER>
        </JOBLIST>
        <JOBLIST>
          <JOB>Quality and Regulatory Professionals</JOB>
          <PERC>15</PERC>
          <ORDER>3</ORDER>
        </JOBLIST>
        <JOBLIST>
          <JOB>Managers, Directors and Senior Officials</JOB>
          <PERC>10</PERC>
          <ORDER>4</ORDER>
        </JOBLIST>
        <JOBLIST>
          <JOB>Natural and Social Science Professionals</JOB>
          <PERC>10</PERC>
          <ORDER>5</ORDER>
        </JOBLIST>
        <JOBLIST>
          <JOB>Skilled Trades Occupations</JOB>
          <PERC>10</PERC>
          <ORDER>6</ORDER>
        </JOBLIST>
      </COMMON>
      <CONTINUATION>
        <CONTUNAVAILREASON>0</CONTUNAVAILREASON>
        <CONTPOP>30</CONTPOP>
        <CONTAGG>12</CONTAGG>
        <CONTSBJ>CAH10-01</CONTSBJ>
        <UCONT>35</UCONT>
        <UDORMANT>10</UDORMANT>
        <UGAINED>45</UGAINED>
        <ULEFT>5</ULEFT>
        <ULOWER>5</ULOWER>
      </CONTINUATION>
      <COURSELOCATION>
        <LOCID>AB</LOCID>
      </COURSELOCATION>
      <DEGREECLASS>
        <DEGUNAVAILREASON>1</DEGUNAVAILREASON>
      </DEGREECLASS>
      <EMPLOYMENT>
        <EMPUNAVAILREASON>0</EMPUNAVAILREASON>
        <EMPPOP>20</EMPPOP>
        <EMPRESP_RATE>91</EMPRESP_RATE>
        <EMPAGG>22</EMPAGG>
        <EMPSBJ>CAH10-01</EMPSBJ>
        <WORKSTUDY>100</WORKSTUDY>
        <STUDY>35</STUDY>
        <ASSUNEMP>0</ASSUNEMP>
        <BOTH>40</BOTH>
        <NOAVAIL>0</NOAVAIL>
        <WORK>30</WORK>
      </EMPLOYMENT>
      <ENTRY>
        <ENTUNAVAILREASON>0</ENTUNAVAILREASON>
        <ENTPOP>15</ENTPOP>
        <ENTAGG>14</ENTAGG>
        <ACCESS>0</ACCESS>
        <ALEVEL>65</ALEVEL>
        <BACC>0</BACC>
        <DEGREE>5</DEGREE>
        <FOUNDTN>0</FOUNDTN>
        <NOQUALS>0</NOQUALS>
        <OTHER>10</OTHER>
        <OTHERHE>20</OTHERHE>
      </ENTRY>
      <JOBTYPE>
        <JOBUNAVAILREASON>0</JOBUNAVAILREASON>
        <JOBPOP>15</JOBPOP>
        <JOBRESP_RATE>91</JOBRESP_RATE>
        <JOBAGG>22</JOBAGG>
        <JOBSBJ>CAH10-01</JOBSBJ>
        <PROFMAN>90</PROFMAN>
        <OTHERJOB>10</OTHERJOB>
        <UNKWN>0</UNKWN>
      </JOBTYPE>
      <NHSNSS>
        <NHSUNAVAILREASON>0</NHSUNAVAILREASON>
      </NHSNSS>
      <NSS>
        <NSSUNAVAILREASON>0</NSSUNAVAILREASON>
        <NSSPOP>12</NSSPOP>
        <NSSRESP_RATE>75</NSSRESP_RATE>
        <NSSAGG>14</NSSAGG>
        <Q1>100</Q1>
        <Q2>92</Q2>
        <Q3>100</Q3>
        <Q4>92</Q4>
        <Q5>67</Q5>
        <Q6>83</Q6>
        <Q7>83</Q7>
        <Q8>50</Q8>
        <Q9>83</Q9>
        <Q10>58</Q10>
        <Q11>83</Q11>
        <Q12>100</Q12>
        <Q13>100</Q13>
        <Q14>92</Q14>
        <Q15>75</Q15>
        <Q16>75</Q16>
        <Q17>100</Q17>
        <Q18>100</Q18>
        <Q19>83</Q19>
        <Q20>92</Q20>
        <Q21>91</Q21>
        <Q22>92</Q22>
        <Q23>92</Q23>
        <Q24>92</Q24>
        <Q25>92</Q25>
        <Q26>80</Q26>
        <Q27>100</Q27>
      </NSS>
      <SALARY>
        <SALUNAVAILREASON>0</SALUNAVAILREASON>
      </SALARY>
      <LEO>
        <LEOUNAVAILREASON>1</LEOUNAVAILREASON>
      </LEO>
      <TARIFF>
        <TARUNAVAILREASON>0</TARUNAVAILREASON>
      </TARIFF>
    </KISCOURSE>
    <KISCOURSE>
      <ASSURL>http://www.abingdon-witney.ac.uk/course/?code=BHAP100P&amp;year=A18/19&amp;title=Foundation+Degree+Events+Management+++</ASSURL>
      <CRSEURL>http://www.abingdon-witney.ac.uk/course/?code=BHAP100P&amp;year=A18/19&amp;title=Foundation+Degree+Events+Management+++</CRSEURL>
      <DISTANCE>0</DISTANCE>
      <EMPLOYURL>http://www.abingdon-witney.ac.uk/course/?code=BHAP100P&amp;year=A18/19&amp;title=Foundation+Degree+Events+Management+++</EMPLOYURL>
      <FOUNDATION>0</FOUNDATION>
      <HONOURS>0</HONOURS>
      <HECOS>100083</HECOS>
      <KISCOURSEID>AB30</KISCOURSEID>
      <KISMODE>1</KISMODE>
      <LOCCHNGE>0</LOCCHNGE>
      <LTURL>http://www.abingdon-witney.ac.uk/course/?code=BHAP100P&amp;year=A18/19&amp;title=Foundation+Degree+Events+Management+++</LTURL>
      <NHS>0</NHS>
      <NUMSTAGE>2</NUMSTAGE>
      <SANDWICH>0</SANDWICH>
      <SUPPORTURL>http://www.brookes.ac.uk/studying-at-brookes/finance/undergraduate-finance---uk-and-eu-students/financial-support/financial-support-uk-eu-2018-19/</SUPPORTURL>
      <TITLE>Events Management</TITLE>
      <UKPRNAPPLY>10004930</UKPRNAPPLY>
      <YEARABROAD>0</YEARABROAD>
      <KISAIMCODE>031</KISAIMCODE>
      <SBJ>CAH17-01-06</SBJ>
      <COMMON>
        <COMUNAVAILREASON>1</COMUNAVAILREASON>
      </COMMON>
      <CONTINUATION>
        <CONTUNAVAILREASON>1</CONTUNAVAILREASON>
        <CONTPOP>20</CONTPOP>
        <CONTAGG>12</CONTAGG>
        <CONTSBJ>CAH17-01</CONTSBJ>
        <UCONT>65</UCONT>
        <UDORMANT>10</UDORMANT>
        <UGAINED>15</UGAINED>
        <ULEFT>10</ULEFT>
        <ULOWER>0</ULOWER>
      </CONTINUATION>
      <COURSELOCATION>
        <LOCID>AB</LOCID>
      </COURSELOCATION>
      <DEGREECLASS>
        <DEGUNAVAILREASON>1</DEGUNAVAILREASON>
      </DEGREECLASS>
      <EMPLOYMENT>
        <EMPUNAVAILREASON>1</EMPUNAVAILREASON>
        <EMPPOP>15</EMPPOP>
        <EMPRESP_RATE>94</EMPRESP_RATE>
        <EMPAGG>22</EMPAGG>
        <EMPSBJ>CAH17-01</EMPSBJ>
        <WORKSTUDY>90</WORKSTUDY>
        <STUDY>25</STUDY>
        <ASSUNEMP>5</ASSUNEMP>
        <BOTH>45</BOTH>
        <NOAVAIL>5</NOAVAIL>
        <WORK>20</WORK>
      </EMPLOYMENT>
      <ENTRY>
        <ENTUNAVAILREASON>1</ENTUNAVAILREASON>
        <ENTPOP>25</ENTPOP>
        <ENTAGG>22</ENTAGG>
        <ENTSBJ>CAH17-01</ENTSBJ>
        <ACCESS>0</ACCESS>
        <ALEVEL>70</ALEVEL>
        <BACC>0</BACC>
        <DEGREE>5</DEGREE>
        <FOUNDTN>0</FOUNDTN>
        <NOQUALS>10</NOQUALS>
        <OTHER>15</OTHER>
        <OTHERHE>5</OTHERHE>
      </ENTRY>
      <JOBTYPE>
        <JOBUNAVAILREASON>1</JOBUNAVAILREASON>
      </JOBTYPE>
      <NHSNSS>
        <NHSUNAVAILREASON>1</NHSUNAVAILREASON>
      </NHSNSS>
      <NSS>
        <NSSUNAVAILREASON>1</NSSUNAVAILREASON>
        <NSSPOP>14</NSSPOP>
        <NSSRESP_RATE>78</NSSRESP_RATE>
        <NSSAGG>22</NSSAGG>
        <NSSSBJ>CAH17-01</NSSSBJ>
        <Q1>100</Q1>
        <Q2>100</Q2>
        <Q3>100</Q3>
        <Q4>100</Q4>
        <Q5>93</Q5>
        <Q6>100</Q6>
        <Q7>100</Q7>
        <Q8>93</Q8>
        <Q9>86</Q9>
        <Q10>71</Q10>
        <Q11>79</Q11>
        <Q12>100</Q12>
        <Q13>93</Q13>
        <Q14>92</Q14>
        <Q15>93</Q15>
        <Q16>100</Q16>
        <Q17>93</Q17>
        <Q18>93</Q18>
        <Q19>86</Q19>
        <Q20>86</Q20>
        <Q21>86</Q21>
        <Q22>86</Q22>
        <Q23>100</Q23>
        <Q24>100</Q24>
        <Q25>100</Q25>
        <Q26>73</Q26>
        <Q27>100</Q27>
      </NSS>
      <SALARY>
        <SALUNAVAILREASON>1</SALUNAVAILREASON>
      </SALARY>
      <LEO>
        <LEOUNAVAILREASON>1</LEOUNAVAILREASON>
      </LEO>
      <TARIFF>
        <TARUNAVAILREASON>1</TARUNAVAILREASON>
        <TARPOP>10</TARPOP>
        <TARAGG>22</TARAGG>
        <TARSBJ>CAH17-01</TARSBJ>
        <T001>20</T001>
        <T048>10</T048>
        <T064>10</T064>
        <T080>20</T080>
        <T096>20</T096>
        <T112>0</T112>
        <T128>10</T128>
        <T144>20</T144>
        <T160>0</T160>
        <T176>0</T176>
        <T192>0</T192>
        <T208>0</T208>
        <T224>0</T224>
        <T240>0</T240>
      </TARIFF>
    </KISCOURSE>
    <KISCOURSE>
      <ASSURL>http://www.abingdon-witney.ac.uk/course/?code=CHAB305P&amp;year=A18/19&amp;title=Early+Years%2C+Foundation+Degree+-+Full-Time</ASSURL>
      <CRSEURL>http://www.abingdon-witney.ac.uk/course/?code=CHAB305P&amp;year=A18/19&amp;title=Early+Years%2C+Foundation+Degree+-+Full-Time</CRSEURL>
      <DISTANCE>0</DISTANCE>
      <EMPLOYURL>http://www.abingdon-witney.ac.uk/course/?code=CHAB305P&amp;year=A18/19&amp;title=Early+Years%2C+Foundation+Degree+-+Full-Time</EMPLOYURL>
      <FOUNDATION>0</FOUNDATION>
      <HONOURS>0</HONOURS>
      <KISCOURSEID>AB33</KISCOURSEID>
      <KISMODE>1</KISMODE>
      <LOCCHNGE>0</LOCCHNGE>
      <LTURL>http://www.abingdon-witney.ac.uk/course/?code=CHAB305P&amp;year=A18/19&amp;title=Early+Years%2C+Foundation+Degree+-+Full-Time</LTURL>
      <NUMSTAGE>2</NUMSTAGE>
      <SANDWICH>0</SANDWICH>
      <SUPPORTURL>http://www.brookes.ac.uk/studying-at-brookes/finance/undergraduate-finance---uk-and-eu-students/financial-support/financial-support-uk-eu-2018-19/</SUPPORTURL>
      <TITLE>Early Years</TITLE>
      <UKPRNAPPLY>10004930</UKPRNAPPLY>
      <YEARABROAD>0</YEARABROAD>
      <KISAIMCODE>031</KISAIMCODE>
      <SBJ>CAH22-01-01</SBJ>
      <COMMON>
        <COMUNAVAILREASON>0</COMUNAVAILREASON>
        <COMPOP>10</COMPOP>
        <COMRESP_RATE>92</COMRESP_RATE>
        <COMAGG>23</COMAGG>
        <COMSBJ>CAH22-01-01</COMSBJ>
        <JOBLIST>
          <JOB>Childcare and Related Personal Services</JOB>
          <PERC>65</PERC>
          <ORDER>1</ORDER>
        </JOBLIST>
        <JOBLIST>
          <JOB>Teaching and Educational Professionals</JOB>
          <PERC>35</PERC>
          <ORDER>2</ORDER>
        </JOBLIST>
        <JOBLIST>
          <JOB>Welfare and Housing Associate Professionals</JOB>
          <PERC>0</PERC>
          <ORDER>3</ORDER>
        </JOBLIST>
        <JOBLIST>
          <JOB>Elementary Occupations</JOB>
          <PERC>0</PERC>
          <ORDER>4</ORDER>
        </JOBLIST>
      </COMMON>
      <CONTINUATION>
        <CONTUNAVAILREASON>0</CONTUNAVAILREASON>
        <CONTPOP>20</CONTPOP>
        <CONTAGG>14</CONTAGG>
        <UCONT>80</UCONT>
        <UDORMANT>5</UDORMANT>
        <UGAINED>5</UGAINED>
        <ULEFT>10</ULEFT>
        <ULOWER>0</ULOWER>
      </CONTINUATION>
      <COURSELOCATION>
        <LOCID>AB</LOCID>
      </COURSELOCATION>
      <DEGREECLASS>
        <DEGUNAVAILREASON>1</DEGUNAVAILREASON>
      </DEGREECLASS>
      <EMPLOYMENT>
        <EMPUNAVAILREASON>0</EMPUNAVAILREASON>
        <EMPPOP>15</EMPPOP>
        <EMPRESP_RATE>89</EMPRESP_RATE>
        <EMPAGG>14</EMPAGG>
        <WORKSTUDY>100</WORKSTUDY>
        <STUDY>50</STUDY>
        <ASSUNEMP>0</ASSUNEMP>
        <BOTH>40</BOTH>
        <NOAVAIL>0</NOAVAIL>
        <WORK>15</WORK>
      </EMPLOYMENT>
      <ENTRY>
        <ENTUNAVAILREASON>0</ENTUNAVAILREASON>
        <ENTPOP>25</ENTPOP>
        <ENTAGG>14</ENTAGG>
        <ACCESS>0</ACCESS>
        <ALEVEL>75</ALEVEL>
        <BACC>0</BACC>
        <DEGREE>0</DEGREE>
        <FOUNDTN>0</FOUNDTN>
        <NOQUALS>5</NOQUALS>
        <OTHER>15</OTHER>
        <OTHERHE>10</OTHERHE>
      </ENTRY>
      <JOBTYPE>
        <JOBUNAVAILREASON>0</JOBUNAVAILREASON>
        <JOBPOP>10</JOBPOP>
        <JOBRESP_RATE>92</JOBRESP_RATE>
        <JOBAGG>23</JOBAGG>
        <JOBSBJ>CAH22-01-01</JOBSBJ>
        <PROFMAN>35</PROFMAN>
        <OTHERJOB>65</OTHERJOB>
        <UNKWN>0</UNKWN>
      </JOBTYPE>
      <NHSNSS>
        <NHSUNAVAILREASON>0</NHSUNAVAILREASON>
      </NHSNSS>
      <NSS>
        <NSSUNAVAILREASON>0</NSSUNAVAILREASON>
        <NSSPOP>15</NSSPOP>
        <NSSRESP_RATE>71</NSSRESP_RATE>
        <NSSAGG>14</NSSAGG>
        <Q1>100</Q1>
        <Q2>100</Q2>
        <Q3>100</Q3>
        <Q4>100</Q4>
        <Q5>100</Q5>
        <Q6>100</Q6>
        <Q7>100</Q7>
        <Q8>100</Q8>
        <Q9>93</Q9>
        <Q10>100</Q10>
        <Q11>100</Q11>
        <Q12>100</Q12>
        <Q13>100</Q13>
        <Q14>87</Q14>
        <Q15>93</Q15>
        <Q16>100</Q16>
        <Q17>100</Q17>
        <Q18>100</Q18>
        <Q19>93</Q19>
        <Q20>93</Q20>
        <Q21>93</Q21>
        <Q22>93</Q22>
        <Q23>100</Q23>
        <Q24>100</Q24>
        <Q25>93</Q25>
        <Q26>62</Q26>
        <Q27>100</Q27>
      </NSS>
      <SALARY>
        <SALUNAVAILREASON>0</SALUNAVAILREASON>
      </SALARY>
      <LEO>
        <LEOUNAVAILREASON>0</LEOUNAVAILREASON>
        <LEOPOP>55</LEOPOP>
        <LEOAGG>23</LEOAGG>
        <LEOSBJ>CAH22-01-01</LEOSBJ>
        <LEOLQ>13000</LEOLQ>
        <LEOMED>16500</LEOMED>
        <LEOUQ>20000</LEOUQ>
      </LEO>
      <TARIFF>
        <TARUNAVAILREASON>0</TARUNAVAILREASON>
      </TARIFF>
    </KISCOURSE>
    <KISCOURSE>
      <ASSURL>http://www.abingdon-witney.ac.uk/course/?code=EHCP101P&amp;year=A18/19&amp;title=FdSc+Animal+Therapy+and+Rehabilation</ASSURL>
      <CRSEURL>http://www.abingdon-witney.ac.uk/course/?code=EHCP101P&amp;year=A18/19&amp;title=FdSc+Animal+Therapy+and+Rehabilation</CRSEURL>
      <DISTANCE>0</DISTANCE>
      <EMPLOYURL>http://www.abingdon-witney.ac.uk/course/?code=EHCP101P&amp;year=A18/19&amp;title=FdSc+Animal+Therapy+and+Rehabilation</EMPLOYURL>
      <FOUNDATION>0</FOUNDATION>
      <HONOURS>0</HONOURS>
      <KISCOURSEID>AB35</KISCOURSEID>
      <KISMODE>1</KISMODE>
      <LOCCHNGE>0</LOCCHNGE>
      <LTURL>http://www.abingdon-witney.ac.uk/course/?code=EHCP101P&amp;year=A18/19&amp;title=FdSc+Animal+Therapy+and+Rehabilation</LTURL>
      <NHS>0</NHS>
      <NUMSTAGE>2</NUMSTAGE>
      <SANDWICH>0</SANDWICH>
      <SUPPORTURL>http://www.brookes.ac.uk/studying-at-brookes/finance/undergraduate-finance---uk-and-eu-students/financial-support/financial-support-uk-eu-2018-19/</SUPPORTURL>
      <TITLE>Animal Therapy and Rehabilition</TITLE>
      <UKPRNAPPLY>10004930</UKPRNAPPLY>
      <YEARABROAD>0</YEARABROAD>
      <KISAIMCODE>036</KISAIMCODE>
      <SBJ>CAH06-01-03</SBJ>
      <COMMON>
        <COMUNAVAILREASON>1</COMUNAVAILREASON>
      </COMMON>
      <CONTINUATION>
        <CONTUNAVAILREASON>1</CONTUNAVAILREASON>
        <CONTPOP>20</CONTPOP>
        <CONTAGG>12</CONTAGG>
        <CONTSBJ>CAH06-01</CONTSBJ>
        <UCONT>85</UCONT>
        <UDORMANT>5</UDORMANT>
        <UGAINED>0</UGAINED>
        <ULEFT>10</ULEFT>
        <ULOWER>0</ULOWER>
      </CONTINUATION>
      <COURSELOCATION>
        <LOCID>CL</LOCID>
      </COURSELOCATION>
      <DEGREECLASS>
        <DEGUNAVAILREASON>1</DEGUNAVAILREASON>
      </DEGREECLASS>
      <EMPLOYMENT>
        <EMPUNAVAILREASON>1</EMPUNAVAILREASON>
        <EMPPOP>15</EMPPOP>
        <EMPRESP_RATE>84</EMPRESP_RATE>
        <EMPAGG>12</EMPAGG>
        <EMPSBJ>CAH06-01</EMPSBJ>
        <WORKSTUDY>95</WORKSTUDY>
        <STUDY>70</STUDY>
        <ASSUNEMP>5</ASSUNEMP>
        <BOTH>15</BOTH>
        <NOAVAIL>0</NOAVAIL>
        <WORK>15</WORK>
      </EMPLOYMENT>
      <ENTRY>
        <ENTUNAVAILREASON>1</ENTUNAVAILREASON>
        <ENTPOP>20</ENTPOP>
        <ENTAGG>12</ENTAGG>
        <ENTSBJ>CAH06-01</ENTSBJ>
        <ACCESS>0</ACCESS>
        <ALEVEL>65</ALEVEL>
        <BACC>5</BACC>
        <DEGREE>5</DEGREE>
        <FOUNDTN>0</FOUNDTN>
        <NOQUALS>5</NOQUALS>
        <OTHER>0</OTHER>
        <OTHERHE>15</OTHERHE>
      </ENTRY>
      <JOBTYPE>
        <JOBUNAVAILREASON>1</JOBUNAVAILREASON>
      </JOBTYPE>
      <NHSNSS>
        <NHSUNAVAILREASON>1</NHSUNAVAILREASON>
      </NHSNSS>
      <NSS>
        <NSSUNAVAILREASON>1</NSSUNAVAILREASON>
        <NSSPOP>13</NSSPOP>
        <NSSRESP_RATE>93</NSSRESP_RATE>
        <NSSAGG>12</NSSAGG>
        <NSSSBJ>CAH06-01</NSSSBJ>
        <Q1>92</Q1>
        <Q2>100</Q2>
        <Q3>69</Q3>
        <Q4>92</Q4>
        <Q5>85</Q5>
        <Q6>92</Q6>
        <Q7>77</Q7>
        <Q8>77</Q8>
        <Q9>62</Q9>
        <Q10>69</Q10>
        <Q11>85</Q11>
        <Q12>62</Q12>
        <Q13>77</Q13>
        <Q14>77</Q14>
        <Q15>54</Q15>
        <Q16>85</Q16>
        <Q17>77</Q17>
        <Q18>42</Q18>
        <Q19>85</Q19>
        <Q20>77</Q20>
        <Q21>69</Q21>
        <Q22>85</Q22>
        <Q23>77</Q23>
        <Q24>85</Q24>
        <Q25>69</Q25>
        <Q26>0</Q26>
        <Q27>85</Q27>
      </NSS>
      <SALARY>
        <SALUNAVAILREASON>1</SALUNAVAILREASON>
      </SALARY>
      <LEO>
        <LEOUNAVAILREASON>1</LEOUNAVAILREASON>
      </LEO>
      <TARIFF>
        <TARUNAVAILREASON>1</TARUNAVAILREASON>
        <TARPOP>10</TARPOP>
        <TARAGG>12</TARAGG>
        <TARSBJ>CAH06-01</TARSBJ>
        <T001>20</T001>
        <T048>0</T048>
        <T064>20</T064>
        <T080>30</T080>
        <T096>0</T096>
        <T112>0</T112>
        <T128>10</T128>
        <T144>0</T144>
        <T160>10</T160>
        <T176>0</T176>
        <T192>0</T192>
        <T208>10</T208>
        <T224>0</T224>
        <T240>0</T240>
      </TARIFF>
    </KISCOURSE>
    <KISCOURSE>
      <ASSURL>http://www.abingdon-witney.ac.uk/course/?code=BHAP200P&amp;year=A18/19&amp;title=Business+and+Management+Practice%2C+Foundation+Degree+-+Full-Time+</ASSURL>
      <CRSEURL>http://www.abingdon-witney.ac.uk/course/?code=BHAP200P&amp;year=A18/19&amp;title=Business+and+Management+Practice%2C+Foundation+Degree+-+Full-Time+</CRSEURL>
      <DISTANCE>0</DISTANCE>
      <EMPLOYURL>http://www.abingdon-witney.ac.uk/course/?code=BHAP200P&amp;year=A18/19&amp;title=Business+and+Management+Practice%2C+Foundation+Degree+-+Full-Time+</EMPLOYURL>
      <FOUNDATION>0</FOUNDATION>
      <HONOURS>0</HONOURS>
      <KISCOURSEID>AB37</KISCOURSEID>
      <KISMODE>1</KISMODE>
      <LOCCHNGE>0</LOCCHNGE>
      <LTURL>http://www.abingdon-witney.ac.uk/course/?code=BHAP200P&amp;year=A18/19&amp;title=Business+and+Management+Practice%2C+Foundation+Degree+-+Full-Time+</LTURL>
      <NUMSTAGE>2</NUMSTAGE>
      <SANDWICH>0</SANDWICH>
      <SUPPORTURL>http://www.brookes.ac.uk/studying-at-brookes/finance/undergraduate-finance---uk-and-eu-students/financial-support/financial-support-uk-eu-2018-19/</SUPPORTURL>
      <TITLE>Business and Management Practice</TITLE>
      <UKPRNAPPLY>10004930</UKPRNAPPLY>
      <YEARABROAD>0</YEARABROAD>
      <KISAIMCODE>031</KISAIMCODE>
      <SBJ>CAH17-01-02</SBJ>
      <COMMON>
        <COMUNAVAILREASON>0</COMUNAVAILREASON>
      </COMMON>
      <CONTINUATION>
        <CONTUNAVAILREASON>0</CONTUNAVAILREASON>
        <CONTPOP>20</CONTPOP>
        <CONTAGG>14</CONTAGG>
        <UCONT>65</UCONT>
        <UDORMANT>10</UDORMANT>
        <UGAINED>15</UGAINED>
        <ULEFT>10</ULEFT>
        <ULOWER>0</ULOWER>
      </CONTINUATION>
      <COURSELOCATION>
        <LOCID>AB</LOCID>
      </COURSELOCATION>
      <DEGREECLASS>
        <DEGUNAVAILREASON>1</DEGUNAVAILREASON>
      </DEGREECLASS>
      <EMPLOYMENT>
        <EMPUNAVAILREASON>0</EMPUNAVAILREASON>
        <EMPPOP>15</EMPPOP>
        <EMPRESP_RATE>100</EMPRESP_RATE>
        <EMPAGG>24</EMPAGG>
        <WORKSTUDY>90</WORKSTUDY>
        <STUDY>25</STUDY>
        <ASSUNEMP>5</ASSUNEMP>
        <BOTH>45</BOTH>
        <NOAVAIL>5</NOAVAIL>
        <WORK>20</WORK>
      </EMPLOYMENT>
      <ENTRY>
        <ENTUNAVAILREASON>0</ENTUNAVAILREASON>
        <ENTPOP>25</ENTPOP>
        <ENTAGG>24</ENTAGG>
        <ACCESS>0</ACCESS>
        <ALEVEL>70</ALEVEL>
        <BACC>0</BACC>
        <DEGREE>5</DEGREE>
        <FOUNDTN>0</FOUNDTN>
        <NOQUALS>10</NOQUALS>
        <OTHER>15</OTHER>
        <OTHERHE>5</OTHERHE>
      </ENTRY>
      <JOBTYPE>
        <JOBUNAVAILREASON>0</JOBUNAVAILREASON>
      </JOBTYPE>
      <NHSNSS>
        <NHSUNAVAILREASON>0</NHSUNAVAILREASON>
      </NHSNSS>
      <NSS>
        <NSSUNAVAILREASON>0</NSSUNAVAILREASON>
        <NSSPOP>14</NSSPOP>
        <NSSRESP_RATE>78</NSSRESP_RATE>
        <NSSAGG>24</NSSAGG>
        <Q1>100</Q1>
        <Q2>100</Q2>
        <Q3>100</Q3>
        <Q4>100</Q4>
        <Q5>93</Q5>
        <Q6>100</Q6>
        <Q7>100</Q7>
        <Q8>93</Q8>
        <Q9>86</Q9>
        <Q10>71</Q10>
        <Q11>79</Q11>
        <Q12>100</Q12>
        <Q13>93</Q13>
        <Q14>92</Q14>
        <Q15>93</Q15>
        <Q16>100</Q16>
        <Q17>93</Q17>
        <Q18>93</Q18>
        <Q19>86</Q19>
        <Q20>86</Q20>
        <Q21>86</Q21>
        <Q22>86</Q22>
        <Q23>100</Q23>
        <Q24>100</Q24>
        <Q25>100</Q25>
        <Q26>73</Q26>
        <Q27>100</Q27>
      </NSS>
      <SALARY>
        <SALUNAVAILREASON>0</SALUNAVAILREASON>
      </SALARY>
      <LEO>
        <LEOUNAVAILREASON>0</LEOUNAVAILREASON>
        <LEOPOP>25</LEOPOP>
        <LEOAGG>23</LEOAGG>
        <LEOSBJ>CAH17-01-02</LEOSBJ>
        <LEOLQ>18500</LEOLQ>
        <LEOMED>22000</LEOMED>
        <LEOUQ>29500</LEOUQ>
      </LEO>
      <TARIFF>
        <TARUNAVAILREASON>0</TARUNAVAILREASON>
        <TARPOP>10</TARPOP>
        <TARAGG>24</TARAGG>
        <T001>20</T001>
        <T048>10</T048>
        <T064>10</T064>
        <T080>20</T080>
        <T096>20</T096>
        <T112>0</T112>
        <T128>10</T128>
        <T144>20</T144>
        <T160>0</T160>
        <T176>0</T176>
        <T192>0</T192>
        <T208>0</T208>
        <T224>0</T224>
        <T240>0</T240>
      </TARIFF>
    </KISCOURSE>
    <KISCOURSE>
      <ASSURL>http://www.abingdon-witney.ac.uk/course/?code=EHWB103P&amp;year=A18/19&amp;title=Equine+Science+BSc+%28Hons%29+</ASSURL>
      <CRSEURL>http://www.abingdon-witney.ac.uk/course/?code=EHWB103P&amp;year=A18/19&amp;title=Equine+Science+BSc+%28Hons%29+</CRSEURL>
      <DISTANCE>0</DISTANCE>
      <EMPLOYURL>http://www.abingdon-witney.ac.uk/course/?code=EHWB103P&amp;year=A18/19&amp;title=Equine+Science+BSc+%28Hons%29+</EMPLOYURL>
      <FOUNDATION>0</FOUNDATION>
      <HONOURS>1</HONOURS>
      <KISCOURSEID>EQS</KISCOURSEID>
      <KISMODE>1</KISMODE>
      <LOCCHNGE>0</LOCCHNGE>
      <LTURL>http://www.abingdon-witney.ac.uk/course/?code=EHWB103P&amp;year=A18/19&amp;title=Equine+Science+BSc+%28Hons%29+</LTURL>
      <NUMSTAGE>3</NUMSTAGE>
      <SANDWICH>2</SANDWICH>
      <SUPPORTURL>http://www.brookes.ac.uk/studying-at-brookes/finance/undergraduate-finance---uk-and-eu-students/financial-support/financial-support-uk-eu-2018-19/</SUPPORTURL>
      <TITLE>Equine Science</TITLE>
      <UKPRNAPPLY>10004930</UKPRNAPPLY>
      <YEARABROAD>0</YEARABROAD>
      <KISAIMCODE>021</KISAIMCODE>
      <SBJ>CAH06-01-01</SBJ>
      <COMMON>
        <COMUNAVAILREASON>0</COMUNAVAILREASON>
        <COMPOP>15</COMPOP>
        <COMRESP_RATE>88</COMRESP_RATE>
        <COMAGG>13</COMAGG>
        <COMSBJ>CAH06-01-01</COMSBJ>
        <JOBLIST>
          <JOB>Business and Public Service Associate Professionals</JOB>
          <PERC>30</PERC>
          <ORDER>1</ORDER>
        </JOBLIST>
        <JOBLIST>
          <JOB>Animal Care and Control Services</JOB>
          <PERC>25</PERC>
          <ORDER>2</ORDER>
        </JOBLIST>
        <JOBLIST>
          <JOB>Managers, Directors and Senior Officials</JOB>
          <PERC>10</PERC>
          <ORDER>3</ORDER>
        </JOBLIST>
        <JOBLIST>
          <JOB>Information Technology and Telecommunications Professionals</JOB>
          <PERC>5</PERC>
          <ORDER>4</ORDER>
        </JOBLIST>
        <JOBLIST>
          <JOB>Welfare and Housing Associate Professionals</JOB>
          <PERC>5</PERC>
          <ORDER>5</ORDER>
        </JOBLIST>
        <JOBLIST>
          <JOB>Artistic, Literary and Media Occupations</JOB>
          <PERC>5</PERC>
          <ORDER>6</ORDER>
        </JOBLIST>
        <JOBLIST>
          <JOB>Sports and Fitness Occupations</JOB>
          <PERC>5</PERC>
          <ORDER>7</ORDER>
        </JOBLIST>
        <JOBLIST>
          <JOB>Customer Service Occupations</JOB>
          <PERC>5</PERC>
          <ORDER>8</ORDER>
        </JOBLIST>
        <JOBLIST>
          <JOB>Elementary Occupations</JOB>
          <PERC>5</PERC>
          <ORDER>9</ORDER>
        </JOBLIST>
        <JOBLIST>
          <JOB>Skilled Trades Occupations</JOB>
          <PERC>0</PERC>
          <ORDER>10</ORDER>
        </JOBLIST>
      </COMMON>
      <CONTINUATION>
        <CONTUNAVAILREASON>1</CONTUNAVAILREASON>
        <CONTPOP>15</CONTPOP>
        <CONTAGG>13</CONTAGG>
        <CONTSBJ>CAH06-01-01</CONTSBJ>
        <UCONT>0</UCONT>
        <UDORMANT>0</UDORMANT>
        <UGAINED>100</UGAINED>
        <ULEFT>0</ULEFT>
        <ULOWER>0</ULOWER>
      </CONTINUATION>
      <COURSELOCATION>
        <LOCID>CL</LOCID>
      </COURSELOCATION>
      <DEGREECLASS>
        <DEGUNAVAILREASON>0</DEGUNAVAILREASON>
        <DEGPOP>15</DEGPOP>
        <DEGAGG>14</DEGAGG>
        <UFIRST>55</UFIRST>
        <UUPPER>30</UUPPER>
        <ULOWER>15</ULOWER>
        <UOTHER>0</UOTHER>
        <UORDINARY>0</UORDINARY>
        <UDISTINCTION>0</UDISTINCTION>
        <UMERIT>0</UMERIT>
        <UPASS>0</UPASS>
        <UNA>0</UNA>
      </DEGREECLASS>
      <EMPLOYMENT>
        <EMPUNAVAILREASON>0</EMPUNAVAILREASON>
        <EMPPOP>10</EMPPOP>
        <EMPRESP_RATE>92</EMPRESP_RATE>
        <EMPAGG>14</EMPAGG>
        <WORKSTUDY>100</WORKSTUDY>
        <STUDY>20</STUDY>
        <ASSUNEMP>0</ASSUNEMP>
        <BOTH>20</BOTH>
        <NOAVAIL>0</NOAVAIL>
        <WORK>65</WORK>
      </EMPLOYMENT>
      <ENTRY>
        <ENTUNAVAILREASON>0</ENTUNAVAILREASON>
        <ENTPOP>10</ENTPOP>
        <ENTAGG>14</ENTAGG>
        <ACCESS>0</ACCESS>
        <ALEVEL>60</ALEVEL>
        <BACC>0</BACC>
        <DEGREE>0</DEGREE>
        <FOUNDTN>0</FOUNDTN>
        <NOQUALS>0</NOQUALS>
        <OTHER>10</OTHER>
        <OTHERHE>30</OTHERHE>
      </ENTRY>
      <JOBTYPE>
        <JOBUNAVAILREASON>0</JOBUNAVAILREASON>
        <JOBPOP>15</JOBPOP>
        <JOBRESP_RATE>88</JOBRESP_RATE>
        <JOBAGG>13</JOBAGG>
        <JOBSBJ>CAH06-01-01</JOBSBJ>
        <PROFMAN>65</PROFMAN>
        <OTHERJOB>35</OTHERJOB>
        <UNKWN>0</UNKWN>
      </JOBTYPE>
      <NHSNSS>
        <NHSUNAVAILREASON>0</NHSUNAVAILREASON>
      </NHSNSS>
      <NSS>
        <NSSUNAVAILREASON>0</NSSUNAVAILREASON>
        <NSSPOP>16</NSSPOP>
        <NSSRESP_RATE>94</NSSRESP_RATE>
        <NSSAGG>13</NSSAGG>
        <NSSSBJ>CAH06-01-01</NSSSBJ>
        <Q1>100</Q1>
        <Q2>88</Q2>
        <Q3>81</Q3>
        <Q4>81</Q4>
        <Q5>81</Q5>
        <Q6>88</Q6>
        <Q7>69</Q7>
        <Q8>81</Q8>
        <Q9>75</Q9>
        <Q10>88</Q10>
        <Q11>94</Q11>
        <Q12>88</Q12>
        <Q13>69</Q13>
        <Q14>69</Q14>
        <Q15>44</Q15>
        <Q16>75</Q16>
        <Q17>69</Q17>
        <Q18>88</Q18>
        <Q19>69</Q19>
        <Q20>80</Q20>
        <Q21>81</Q21>
        <Q22>88</Q22>
        <Q23>75</Q23>
        <Q24>81</Q24>
        <Q25>63</Q25>
        <Q26>19</Q26>
        <Q27>88</Q27>
      </NSS>
      <SALARY>
        <SALUNAVAILREASON>0</SALUNAVAILREASON>
      </SALARY>
      <LEO>
        <LEOUNAVAILREASON>1</LEOUNAVAILREASON>
      </LEO>
      <TARIFF>
        <TARUNAVAILREASON>0</TARUNAVAILREASON>
      </TARIFF>
    </KISCOURSE>
    <KISCOURSE>
      <ASSURL>http://www.abingdon-witney.ac.uk/course/?code=EHCM050P&amp;year=A18/19&amp;title=Equine+Science+and+Thoroughbred+Management%2C+BSc+%28Hons%29+++</ASSURL>
      <CRSEURL>http://www.abingdon-witney.ac.uk/course/?code=EHCM050P&amp;year=A18/19&amp;title=Equine+Science+and+Thoroughbred+Management%2C+BSc+%28Hons%29+++</CRSEURL>
      <DISTANCE>0</DISTANCE>
      <EMPLOYURL>http://www.abingdon-witney.ac.uk/course/?code=EHCM050P&amp;year=A18/19&amp;title=Equine+Science+and+Thoroughbred+Management%2C+BSc+%28Hons%29+++</EMPLOYURL>
      <FOUNDATION>0</FOUNDATION>
      <HONOURS>1</HONOURS>
      <KISCOURSEID>EQT</KISCOURSEID>
      <KISMODE>1</KISMODE>
      <LOCCHNGE>0</LOCCHNGE>
      <LTURL>http://www.abingdon-witney.ac.uk/course/?code=EHCM050P&amp;year=A18/19&amp;title=Equine+Science+and+Thoroughbred+Management%2C+BSc+%28Hons%29+++</LTURL>
      <NUMSTAGE>4</NUMSTAGE>
      <SANDWICH>2</SANDWICH>
      <SUPPORTURL>http://www.brookes.ac.uk/studying-at-brookes/finance/undergraduate-finance---uk-and-eu-students/financial-support/financial-support-uk-eu-2018-19/</SUPPORTURL>
      <TITLE>Equine Science and Thoroughbred Management</TITLE>
      <UKPRNAPPLY>10004930</UKPRNAPPLY>
      <YEARABROAD>0</YEARABROAD>
      <KISAIMCODE>021</KISAIMCODE>
      <SBJ>CAH06-01-01</SBJ>
      <COMMON>
        <COMUNAVAILREASON>0</COMUNAVAILREASON>
        <COMPOP>15</COMPOP>
        <COMRESP_RATE>88</COMRESP_RATE>
        <COMAGG>13</COMAGG>
        <COMSBJ>CAH06-01-01</COMSBJ>
        <JOBLIST>
          <JOB>Business and Public Service Associate Professionals</JOB>
          <PERC>30</PERC>
          <ORDER>1</ORDER>
        </JOBLIST>
        <JOBLIST>
          <JOB>Animal Care and Control Services</JOB>
          <PERC>25</PERC>
          <ORDER>2</ORDER>
        </JOBLIST>
        <JOBLIST>
          <JOB>Managers, Directors and Senior Officials</JOB>
          <PERC>10</PERC>
          <ORDER>3</ORDER>
        </JOBLIST>
        <JOBLIST>
          <JOB>Information Technology and Telecommunications Professionals</JOB>
          <PERC>5</PERC>
          <ORDER>4</ORDER>
        </JOBLIST>
        <JOBLIST>
          <JOB>Welfare and Housing Associate Professionals</JOB>
          <PERC>5</PERC>
          <ORDER>5</ORDER>
        </JOBLIST>
        <JOBLIST>
          <JOB>Artistic, Literary and Media Occupations</JOB>
          <PERC>5</PERC>
          <ORDER>6</ORDER>
        </JOBLIST>
        <JOBLIST>
          <JOB>Sports and Fitness Occupations</JOB>
          <PERC>5</PERC>
          <ORDER>7</ORDER>
        </JOBLIST>
        <JOBLIST>
          <JOB>Customer Service Occupations</JOB>
          <PERC>5</PERC>
          <ORDER>8</ORDER>
        </JOBLIST>
        <JOBLIST>
          <JOB>Elementary Occupations</JOB>
          <PERC>5</PERC>
          <ORDER>9</ORDER>
        </JOBLIST>
        <JOBLIST>
          <JOB>Skilled Trades Occupations</JOB>
          <PERC>0</PERC>
          <ORDER>10</ORDER>
        </JOBLIST>
      </COMMON>
      <CONTINUATION>
        <CONTUNAVAILREASON>1</CONTUNAVAILREASON>
        <CONTPOP>15</CONTPOP>
        <CONTAGG>13</CONTAGG>
        <CONTSBJ>CAH06-01-01</CONTSBJ>
        <UCONT>0</UCONT>
        <UDORMANT>0</UDORMANT>
        <UGAINED>100</UGAINED>
        <ULEFT>0</ULEFT>
        <ULOWER>0</ULOWER>
      </CONTINUATION>
      <COURSELOCATION>
        <LOCID>CL</LOCID>
      </COURSELOCATION>
      <DEGREECLASS>
        <DEGUNAVAILREASON>0</DEGUNAVAILREASON>
        <DEGPOP>30</DEGPOP>
        <DEGAGG>13</DEGAGG>
        <DEGSBJ>CAH06-01-01</DEGSBJ>
        <UFIRST>40</UFIRST>
        <UUPPER>30</UUPPER>
        <ULOWER>25</ULOWER>
        <UOTHER>5</UOTHER>
        <UORDINARY>0</UORDINARY>
        <UDISTINCTION>0</UDISTINCTION>
        <UMERIT>0</UMERIT>
        <UPASS>0</UPASS>
        <UNA>0</UNA>
      </DEGREECLASS>
      <EMPLOYMENT>
        <EMPUNAVAILREASON>0</EMPUNAVAILREASON>
        <EMPPOP>20</EMPPOP>
        <EMPRESP_RATE>88</EMPRESP_RATE>
        <EMPAGG>13</EMPAGG>
        <EMPSBJ>CAH06-01-01</EMPSBJ>
        <WORKSTUDY>100</WORKSTUDY>
        <STUDY>15</STUDY>
        <ASSUNEMP>0</ASSUNEMP>
        <BOTH>10</BOTH>
        <NOAVAIL>0</NOAVAIL>
        <WORK>75</WORK>
      </EMPLOYMENT>
      <ENTRY>
        <ENTUNAVAILREASON>0</ENTUNAVAILREASON>
        <ENTPOP>20</ENTPOP>
        <ENTAGG>13</ENTAGG>
        <ENTSBJ>CAH06-01-01</ENTSBJ>
        <ACCESS>0</ACCESS>
        <ALEVEL>40</ALEVEL>
        <BACC>5</BACC>
        <DEGREE>0</DEGREE>
        <FOUNDTN>0</FOUNDTN>
        <NOQUALS>0</NOQUALS>
        <OTHER>15</OTHER>
        <OTHERHE>45</OTHERHE>
      </ENTRY>
      <JOBTYPE>
        <JOBUNAVAILREASON>0</JOBUNAVAILREASON>
        <JOBPOP>15</JOBPOP>
        <JOBRESP_RATE>88</JOBRESP_RATE>
        <JOBAGG>13</JOBAGG>
        <JOBSBJ>CAH06-01-01</JOBSBJ>
        <PROFMAN>65</PROFMAN>
        <OTHERJOB>35</OTHERJOB>
        <UNKWN>0</UNKWN>
      </JOBTYPE>
      <NHSNSS>
        <NHSUNAVAILREASON>0</NHSUNAVAILREASON>
      </NHSNSS>
      <NSS>
        <NSSUNAVAILREASON>0</NSSUNAVAILREASON>
        <NSSPOP>16</NSSPOP>
        <NSSRESP_RATE>94</NSSRESP_RATE>
        <NSSAGG>13</NSSAGG>
        <NSSSBJ>CAH06-01-01</NSSSBJ>
        <Q1>100</Q1>
        <Q2>88</Q2>
        <Q3>81</Q3>
        <Q4>81</Q4>
        <Q5>81</Q5>
        <Q6>88</Q6>
        <Q7>69</Q7>
        <Q8>81</Q8>
        <Q9>75</Q9>
        <Q10>88</Q10>
        <Q11>94</Q11>
        <Q12>88</Q12>
        <Q13>69</Q13>
        <Q14>69</Q14>
        <Q15>44</Q15>
        <Q16>75</Q16>
        <Q17>69</Q17>
        <Q18>88</Q18>
        <Q19>69</Q19>
        <Q20>80</Q20>
        <Q21>81</Q21>
        <Q22>88</Q22>
        <Q23>75</Q23>
        <Q24>81</Q24>
        <Q25>63</Q25>
        <Q26>19</Q26>
        <Q27>88</Q27>
      </NSS>
      <SALARY>
        <SALUNAVAILREASON>0</SALUNAVAILREASON>
      </SALARY>
      <LEO>
        <LEOUNAVAILREASON>1</LEOUNAVAILREASON>
      </LEO>
      <TARIFF>
        <TARUNAVAILREASON>0</TARUNAVAILREASON>
      </TARIFF>
    </KISCOURSE>
  </INSTITUTION>
  <INSTITUTION>
    <PUBUKPRN>10000163</PUBUKPRN>
    <UKPRN>10000163</UKPRN>
    <COUNTRY>XF</COUNTRY>
    <PUBUKPRNCOUNTRY>XF</PUBUKPRNCOUNTRY>
    <TEFOutcome>Silver</TEFOutcome>
    <SUURL>http://www.aecc.ac.uk/undergrad/su/suhome.aspx</SUURL>
    <KISCOURSE>
      <ASSURL>https://www.aecc.ac.uk/undergraduate-courses/bsc-clinical-exercise-rehabilitation-science/</ASSURL>
      <CRSEURL>https://www.aecc.ac.uk/undergraduate-courses/bsc-clinical-exercise-rehabilitation-science/</CRSEURL>
      <DISTANCE>0</DISTANCE>
      <EMPLOYURL>https://www.aecc.ac.uk/undergraduate-courses/bsc-clinical-exercise-rehabilitation-science/</EMPLOYURL>
      <FOUNDATION>0</FOUNDATION>
      <HONOURS>1</HONOURS>
      <HECOS>101319</HECOS>
      <KISCOURSEID>BSCERSF-C608</KISCOURSEID>
      <KISMODE>1</KISMODE>
      <LOCCHNGE>0</LOCCHNGE>
      <LTURL>https://www.aecc.ac.uk/undergraduate-courses/bsc-clinical-exercise-rehabilitation-science/</LTURL>
      <NHS>0</NHS>
      <NUMSTAGE>3</NUMSTAGE>
      <SANDWICH>0</SANDWICH>
      <SUPPORTURL>https://www.aecc.ac.uk/undergraduate-courses/bsc-clinical-exercise-rehabilitation-science/</SUPPORTURL>
      <TITLE>Clinical Exercise and Rehabilitation Science</TITLE>
      <UCASPROGID>A44-J33</UCASPROGID>
      <YEARABROAD>0</YEARABROAD>
      <KISAIMCODE>021</KISAIMCODE>
      <SBJ>CAH03-02-01</SBJ>
      <COMMON>
        <COMUNAVAILREASON>1</COMUNAVAILREASON>
      </COMMON>
      <CONTINUATION>
        <CONTUNAVAILREASON>1</CONTUNAVAILREASON>
      </CONTINUATION>
      <COURSELOCATION>
        <LOCID>AE</LOCID>
        <UCASCOURSEID>2619</UCASCOURSEID>
      </COURSELOCATION>
      <DEGREECLASS>
        <DEGUNAVAILREASON>1</DEGUNAVAILREASON>
      </DEGREECLASS>
      <EMPLOYMENT>
        <EMPUNAVAILREASON>1</EMPUNAVAILREASON>
      </EMPLOYMENT>
      <ENTRY>
        <ENTUNAVAILREASON>1</ENTUNAVAILREASON>
      </ENTRY>
      <JOBTYPE>
        <JOBUNAVAILREASON>1</JOBUNAVAILREASON>
      </JOBTYPE>
      <NHSNSS>
        <NHSUNAVAILREASON>1</NHSUNAVAILREASON>
      </NHSNSS>
      <NSS>
        <NSSUNAVAILREASON>1</NSSUNAVAILREASON>
      </NSS>
      <SALARY>
        <SALUNAVAILREASON>1</SALUNAVAILREASON>
      </SALARY>
      <LEO>
        <LEOUNAVAILREASON>1</LEOUNAVAILREASON>
      </LEO>
      <TARIFF>
        <TARUNAVAILREASON>1</TARUNAVAILREASON>
      </TARIFF>
    </KISCOURSE>
    <KISCOURSE>
      <ASSURL>https://www.aecc.ac.uk/undergraduate-courses/bsc-psychology-counselling/</ASSURL>
      <CRSEURL>https://www.aecc.ac.uk/undergraduate-courses/bsc-psychology-counselling/</CRSEURL>
      <DISTANCE>0</DISTANCE>
      <EMPLOYURL>https://www.aecc.ac.uk/undergraduate-courses/bsc-psychology-counselling/</EMPLOYURL>
      <FOUNDATION>0</FOUNDATION>
      <HONOURS>1</HONOURS>
      <HECOS>100495</HECOS>
      <KISCOURSEID>BSCPF-C843</KISCOURSEID>
      <KISMODE>1</KISMODE>
      <LOCCHNGE>0</LOCCHNGE>
      <LTURL>https://www.aecc.ac.uk/undergraduate-courses/bsc-psychology-counselling/</LTURL>
      <NHS>0</NHS>
      <NUMSTAGE>3</NUMSTAGE>
      <SANDWICH>0</SANDWICH>
      <SUPPORTURL>https://www.aecc.ac.uk/undergraduate-courses/bsc-psychology-counselling/</SUPPORTURL>
      <TITLE>Counselling Psychology</TITLE>
      <UCASPROGID>A47-D40</UCASPROGID>
      <YEARABROAD>0</YEARABROAD>
      <KISAIMCODE>021</KISAIMCODE>
      <SBJ>CAH02-03-08</SBJ>
      <COMMON>
        <COMUNAVAILREASON>1</COMUNAVAILREASON>
        <COMPOP>25</COMPOP>
        <COMRESP_RATE>70</COMRESP_RATE>
        <COMAGG>12</COMAGG>
        <COMSBJ>CAH02-03</COMSBJ>
        <JOBLIST>
          <JOB>Therapy professionals</JOB>
          <PERC>100</PERC>
          <ORDER>1</ORDER>
        </JOBLIST>
      </COMMON>
      <CONTINUATION>
        <CONTUNAVAILREASON>1</CONTUNAVAILREASON>
        <CONTPOP>150</CONTPOP>
        <CONTAGG>12</CONTAGG>
        <CONTSBJ>CAH02-03</CONTSBJ>
        <UCONT>83</UCONT>
        <UDORMANT>3</UDORMANT>
        <UGAINED>5</UGAINED>
        <ULEFT>3</ULEFT>
        <ULOWER>5</ULOWER>
      </CONTINUATION>
      <COURSELOCATION>
        <LOCID>AE</LOCID>
        <UCASCOURSEID>8917</UCASCOURSEID>
      </COURSELOCATION>
      <DEGREECLASS>
        <DEGUNAVAILREASON>1</DEGUNAVAILREASON>
        <DEGPOP>90</DEGPOP>
        <DEGAGG>12</DEGAGG>
        <DEGSBJ>CAH02-03</DEGSBJ>
        <UFIRST>43</UFIRST>
        <UUPPER>44</UUPPER>
        <ULOWER>13</ULOWER>
        <UOTHER>0</UOTHER>
        <UORDINARY>0</UORDINARY>
        <UDISTINCTION>0</UDISTINCTION>
        <UMERIT>0</UMERIT>
        <UPASS>0</UPASS>
        <UNA>0</UNA>
      </DEGREECLASS>
      <EMPLOYMENT>
        <EMPUNAVAILREASON>1</EMPUNAVAILREASON>
        <EMPPOP>35</EMPPOP>
        <EMPRESP_RATE>75</EMPRESP_RATE>
        <EMPAGG>22</EMPAGG>
        <EMPSBJ>CAH02-03</EMPSBJ>
        <WORKSTUDY>100</WORKSTUDY>
        <STUDY>30</STUDY>
        <ASSUNEMP>0</ASSUNEMP>
        <BOTH>5</BOTH>
        <NOAVAIL>0</NOAVAIL>
        <WORK>65</WORK>
      </EMPLOYMENT>
      <ENTRY>
        <ENTUNAVAILREASON>1</ENTUNAVAILREASON>
        <ENTPOP>165</ENTPOP>
        <ENTAGG>12</ENTAGG>
        <ENTSBJ>CAH02-03</ENTSBJ>
        <ACCESS>3</ACCESS>
        <ALEVEL>50</ALEVEL>
        <BACC>2</BACC>
        <DEGREE>6</DEGREE>
        <FOUNDTN>0</FOUNDTN>
        <NOQUALS>1</NOQUALS>
        <OTHER>24</OTHER>
        <OTHERHE>13</OTHERHE>
      </ENTRY>
      <JOBTYPE>
        <JOBUNAVAILREASON>1</JOBUNAVAILREASON>
        <JOBPOP>25</JOBPOP>
        <JOBRESP_RATE>75</JOBRESP_RATE>
        <JOBAGG>22</JOBAGG>
        <JOBSBJ>CAH02-03</JOBSBJ>
        <PROFMAN>95</PROFMAN>
        <OTHERJOB>5</OTHERJOB>
        <UNKWN>0</UNKWN>
      </JOBTYPE>
      <NHSNSS>
        <NHSUNAVAILREASON>1</NHSUNAVAILREASON>
      </NHSNSS>
      <NSS>
        <NSSUNAVAILREASON>1</NSSUNAVAILREASON>
        <NSSPOP>10</NSSPOP>
        <NSSRESP_RATE>59</NSSRESP_RATE>
        <NSSAGG>12</NSSAGG>
        <NSSSBJ>CAH02-03</NSSSBJ>
        <Q1>100</Q1>
        <Q2>90</Q2>
        <Q3>100</Q3>
        <Q4>90</Q4>
        <Q5>90</Q5>
        <Q6>80</Q6>
        <Q7>100</Q7>
        <Q8>70</Q8>
        <Q9>50</Q9>
        <Q10>40</Q10>
        <Q11>80</Q11>
        <Q12>100</Q12>
        <Q13>100</Q13>
        <Q14>70</Q14>
        <Q15>40</Q15>
        <Q16>70</Q16>
        <Q17>50</Q17>
        <Q18>100</Q18>
        <Q19>100</Q19>
        <Q20>100</Q20>
        <Q21>100</Q21>
        <Q22>100</Q22>
        <Q23>90</Q23>
        <Q24>80</Q24>
        <Q25>50</Q25>
        <Q26>80</Q26>
        <Q27>100</Q27>
      </NSS>
      <SALARY>
        <SALUNAVAILREASON>1</SALUNAVAILREASON>
      </SALARY>
      <LEO>
        <LEOUNAVAILREASON>1</LEOUNAVAILREASON>
      </LEO>
      <TARIFF>
        <TARUNAVAILREASON>1</TARUNAVAILREASON>
        <TARPOP>55</TARPOP>
        <TARAGG>12</TARAGG>
        <TARSBJ>CAH02-03</TARSBJ>
        <T001>0</T001>
        <T048>0</T048>
        <T064>0</T064>
        <T080>11</T080>
        <T096>26</T096>
        <T112>12</T112>
        <T128>23</T128>
        <T144>7</T144>
        <T160>11</T160>
        <T176>5</T176>
        <T192>2</T192>
        <T208>2</T208>
        <T224>2</T224>
        <T240>0</T240>
      </TARIFF>
    </KISCOURSE>
    <KISCOURSE>
      <ASSURL>https://www.aecc.ac.uk/undergraduate-courses/bsc-health-exercise-science/</ASSURL>
      <CRSEURL>https://www.aecc.ac.uk/undergraduate-courses/bsc-health-exercise-science/</CRSEURL>
      <DISTANCE>0</DISTANCE>
      <EMPLOYURL>https://www.aecc.ac.uk/undergraduate-courses/bsc-health-exercise-science/</EMPLOYURL>
      <FOUNDATION>0</FOUNDATION>
      <HONOURS>1</HONOURS>
      <HECOS>101319</HECOS>
      <KISCOURSEID>BSHESF-C609</KISCOURSEID>
      <KISMODE>1</KISMODE>
      <LOCCHNGE>0</LOCCHNGE>
      <LTURL>https://www.aecc.ac.uk/undergraduate-courses/bsc-health-exercise-science/</LTURL>
      <NHS>0</NHS>
      <NUMSTAGE>3</NUMSTAGE>
      <SANDWICH>0</SANDWICH>
      <SUPPORTURL>https://www.aecc.ac.uk/undergraduate-courses/bsc-health-exercise-science/</SUPPORTURL>
      <TITLE>Health and Exercise Science</TITLE>
      <UCASPROGID>A47-D34</UCASPROGID>
      <YEARABROAD>0</YEARABROAD>
      <KISAIMCODE>021</KISAIMCODE>
      <SBJ>CAH03-02-01</SBJ>
      <COMMON>
        <COMUNAVAILREASON>1</COMUNAVAILREASON>
      </COMMON>
      <CONTINUATION>
        <CONTUNAVAILREASON>1</CONTUNAVAILREASON>
      </CONTINUATION>
      <COURSELOCATION>
        <LOCID>AE</LOCID>
        <UCASCOURSEID>3977</UCASCOURSEID>
      </COURSELOCATION>
      <DEGREECLASS>
        <DEGUNAVAILREASON>1</DEGUNAVAILREASON>
      </DEGREECLASS>
      <EMPLOYMENT>
        <EMPUNAVAILREASON>1</EMPUNAVAILREASON>
      </EMPLOYMENT>
      <ENTRY>
        <ENTUNAVAILREASON>1</ENTUNAVAILREASON>
      </ENTRY>
      <JOBTYPE>
        <JOBUNAVAILREASON>1</JOBUNAVAILREASON>
      </JOBTYPE>
      <NHSNSS>
        <NHSUNAVAILREASON>1</NHSUNAVAILREASON>
      </NHSNSS>
      <NSS>
        <NSSUNAVAILREASON>1</NSSUNAVAILREASON>
      </NSS>
      <SALARY>
        <SALUNAVAILREASON>1</SALUNAVAILREASON>
      </SALARY>
      <LEO>
        <LEOUNAVAILREASON>1</LEOUNAVAILREASON>
      </LEO>
      <TARIFF>
        <TARUNAVAILREASON>1</TARUNAVAILREASON>
      </TARIFF>
    </KISCOURSE>
    <KISCOURSE>
      <ASSURL>https://www.aecc.ac.uk/undergraduate-courses/bsc-health-psychology/</ASSURL>
      <CRSEURL>https://www.aecc.ac.uk/undergraduate-courses/bsc-health-psychology/</CRSEURL>
      <DISTANCE>0</DISTANCE>
      <EMPLOYURL>https://www.aecc.ac.uk/undergraduate-courses/bsc-health-psychology/</EMPLOYURL>
      <FOUNDATION>0</FOUNDATION>
      <HONOURS>1</HONOURS>
      <HECOS>100985</HECOS>
      <KISCOURSEID>BSHPF-C841</KISCOURSEID>
      <KISMODE>1</KISMODE>
      <LOCCHNGE>0</LOCCHNGE>
      <LTURL>https://www.aecc.ac.uk/undergraduate-courses/bsc-health-psychology/</LTURL>
      <NHS>0</NHS>
      <NUMSTAGE>3</NUMSTAGE>
      <SANDWICH>0</SANDWICH>
      <SUPPORTURL>https://www.aecc.ac.uk/undergraduate-courses/bsc-health-psychology/</SUPPORTURL>
      <TITLE>Health Psychology</TITLE>
      <UCASPROGID>A47-D38</UCASPROGID>
      <YEARABROAD>0</YEARABROAD>
      <KISAIMCODE>021</KISAIMCODE>
      <SBJ>CAH04-01-04</SBJ>
      <COMMON>
        <COMUNAVAILREASON>1</COMUNAVAILREASON>
      </COMMON>
      <CONTINUATION>
        <CONTUNAVAILREASON>1</CONTUNAVAILREASON>
      </CONTINUATION>
      <COURSELOCATION>
        <LOCID>AE</LOCID>
        <UCASCOURSEID>8065</UCASCOURSEID>
      </COURSELOCATION>
      <DEGREECLASS>
        <DEGUNAVAILREASON>1</DEGUNAVAILREASON>
      </DEGREECLASS>
      <EMPLOYMENT>
        <EMPUNAVAILREASON>1</EMPUNAVAILREASON>
      </EMPLOYMENT>
      <ENTRY>
        <ENTUNAVAILREASON>1</ENTUNAVAILREASON>
      </ENTRY>
      <JOBTYPE>
        <JOBUNAVAILREASON>1</JOBUNAVAILREASON>
      </JOBTYPE>
      <NHSNSS>
        <NHSUNAVAILREASON>1</NHSUNAVAILREASON>
      </NHSNSS>
      <NSS>
        <NSSUNAVAILREASON>1</NSSUNAVAILREASON>
      </NSS>
      <SALARY>
        <SALUNAVAILREASON>1</SALUNAVAILREASON>
      </SALARY>
      <LEO>
        <LEOUNAVAILREASON>1</LEOUNAVAILREASON>
      </LEO>
      <TARIFF>
        <TARUNAVAILREASON>1</TARUNAVAILREASON>
      </TARIFF>
    </KISCOURSE>
    <KISCOURSE>
      <ASSURL>https://www.aecc.ac.uk/undergraduate-courses/bsc-psychology/</ASSURL>
      <CRSEURL>https://www.aecc.ac.uk/undergraduate-courses/bsc-psychology/</CRSEURL>
      <DISTANCE>0</DISTANCE>
      <EMPLOYURL>https://www.aecc.ac.uk/undergraduate-courses/bsc-psychology/</EMPLOYURL>
      <FOUNDATION>0</FOUNDATION>
      <HONOURS>1</HONOURS>
      <HECOS>100497</HECOS>
      <KISCOURSEID>BSPF-C800</KISCOURSEID>
      <KISMODE>1</KISMODE>
      <LOCCHNGE>0</LOCCHNGE>
      <LTURL>https://www.aecc.ac.uk/undergraduate-courses/bsc-psychology/</LTURL>
      <NHS>0</NHS>
      <NUMSTAGE>3</NUMSTAGE>
      <SANDWICH>0</SANDWICH>
      <SUPPORTURL>https://www.aecc.ac.uk/undergraduate-courses/bsc-psychology/</SUPPORTURL>
      <TITLE>Psychology</TITLE>
      <UCASPROGID>A47-D37</UCASPROGID>
      <YEARABROAD>0</YEARABROAD>
      <KISAIMCODE>021</KISAIMCODE>
      <SBJ>CAH04-01-01</SBJ>
      <COMMON>
        <COMUNAVAILREASON>1</COMUNAVAILREASON>
      </COMMON>
      <CONTINUATION>
        <CONTUNAVAILREASON>1</CONTUNAVAILREASON>
      </CONTINUATION>
      <COURSELOCATION>
        <LOCID>AE</LOCID>
        <UCASCOURSEID>2927</UCASCOURSEID>
      </COURSELOCATION>
      <DEGREECLASS>
        <DEGUNAVAILREASON>1</DEGUNAVAILREASON>
      </DEGREECLASS>
      <EMPLOYMENT>
        <EMPUNAVAILREASON>1</EMPUNAVAILREASON>
      </EMPLOYMENT>
      <ENTRY>
        <ENTUNAVAILREASON>1</ENTUNAVAILREASON>
      </ENTRY>
      <JOBTYPE>
        <JOBUNAVAILREASON>1</JOBUNAVAILREASON>
      </JOBTYPE>
      <NHSNSS>
        <NHSUNAVAILREASON>1</NHSUNAVAILREASON>
      </NHSNSS>
      <NSS>
        <NSSUNAVAILREASON>1</NSSUNAVAILREASON>
      </NSS>
      <SALARY>
        <SALUNAVAILREASON>1</SALUNAVAILREASON>
      </SALARY>
      <LEO>
        <LEOUNAVAILREASON>1</LEOUNAVAILREASON>
      </LEO>
      <TARIFF>
        <TARUNAVAILREASON>1</TARUNAVAILREASON>
      </TARIFF>
    </KISCOURSE>
    <KISCOURSE>
      <ASSURL>https://www.aecc.ac.uk/undergraduate-courses/bsc-sport-exercise-health-science/</ASSURL>
      <CRSEURL>https://www.aecc.ac.uk/undergraduate-courses/bsc-sport-exercise-health-science/</CRSEURL>
      <DISTANCE>0</DISTANCE>
      <EMPLOYURL>https://www.aecc.ac.uk/undergraduate-courses/bsc-sport-exercise-health-science/</EMPLOYURL>
      <FOUNDATION>0</FOUNDATION>
      <HONOURS>1</HONOURS>
      <HECOS>100433</HECOS>
      <KISCOURSEID>BSSEHF-C607</KISCOURSEID>
      <KISMODE>1</KISMODE>
      <LOCCHNGE>0</LOCCHNGE>
      <LTURL>https://www.aecc.ac.uk/undergraduate-courses/bsc-sport-exercise-health-science/</LTURL>
      <NHS>0</NHS>
      <NUMSTAGE>3</NUMSTAGE>
      <SANDWICH>0</SANDWICH>
      <SUPPORTURL>https://www.aecc.ac.uk/undergraduate-courses/bsc-sport-exercise-health-science/</SUPPORTURL>
      <TITLE>Sport, Exercise and Health Science</TITLE>
      <UCASPROGID>A47-D35</UCASPROGID>
      <YEARABROAD>0</YEARABROAD>
      <KISAIMCODE>021</KISAIMCODE>
      <SBJ>CAH03-02-01</SBJ>
      <COMMON>
        <COMUNAVAILREASON>1</COMUNAVAILREASON>
      </COMMON>
      <CONTINUATION>
        <CONTUNAVAILREASON>1</CONTUNAVAILREASON>
      </CONTINUATION>
      <COURSELOCATION>
        <LOCID>AE</LOCID>
        <UCASCOURSEID>4285</UCASCOURSEID>
      </COURSELOCATION>
      <DEGREECLASS>
        <DEGUNAVAILREASON>1</DEGUNAVAILREASON>
      </DEGREECLASS>
      <EMPLOYMENT>
        <EMPUNAVAILREASON>1</EMPUNAVAILREASON>
      </EMPLOYMENT>
      <ENTRY>
        <ENTUNAVAILREASON>1</ENTUNAVAILREASON>
      </ENTRY>
      <JOBTYPE>
        <JOBUNAVAILREASON>1</JOBUNAVAILREASON>
      </JOBTYPE>
      <NHSNSS>
        <NHSUNAVAILREASON>1</NHSUNAVAILREASON>
      </NHSNSS>
      <NSS>
        <NSSUNAVAILREASON>1</NSSUNAVAILREASON>
      </NSS>
      <SALARY>
        <SALUNAVAILREASON>1</SALUNAVAILREASON>
      </SALARY>
      <LEO>
        <LEOUNAVAILREASON>1</LEOUNAVAILREASON>
      </LEO>
      <TARIFF>
        <TARUNAVAILREASON>1</TARUNAVAILREASON>
      </TARIFF>
    </KISCOURSE>
    <KISCOURSE>
      <ASSURL>https://www.aecc.ac.uk/undergraduate-courses/bsc-sport-exercise-psychology/</ASSURL>
      <CRSEURL>https://www.aecc.ac.uk/undergraduate-courses/bsc-sport-exercise-psychology/</CRSEURL>
      <DISTANCE>0</DISTANCE>
      <EMPLOYURL>https://www.aecc.ac.uk/undergraduate-courses/bsc-sport-exercise-psychology/</EMPLOYURL>
      <FOUNDATION>0</FOUNDATION>
      <HONOURS>1</HONOURS>
      <HECOS>100499</HECOS>
      <KISCOURSEID>BSSEHF-C813</KISCOURSEID>
      <KISMODE>1</KISMODE>
      <LOCCHNGE>0</LOCCHNGE>
      <LTURL>https://www.aecc.ac.uk/undergraduate-courses/bsc-sport-exercise-psychology/</LTURL>
      <NHS>0</NHS>
      <NUMSTAGE>3</NUMSTAGE>
      <SANDWICH>0</SANDWICH>
      <SUPPORTURL>https://www.aecc.ac.uk/undergraduate-courses/bsc-sport-exercise-psychology/</SUPPORTURL>
      <TITLE>Sport and Exercise Psychology</TITLE>
      <UCASPROGID>A47-D39</UCASPROGID>
      <YEARABROAD>0</YEARABROAD>
      <KISAIMCODE>021</KISAIMCODE>
      <SBJ>CAH04-01-02</SBJ>
      <COMMON>
        <COMUNAVAILREASON>1</COMUNAVAILREASON>
      </COMMON>
      <CONTINUATION>
        <CONTUNAVAILREASON>1</CONTUNAVAILREASON>
      </CONTINUATION>
      <COURSELOCATION>
        <LOCID>AE</LOCID>
        <UCASCOURSEID>2188</UCASCOURSEID>
      </COURSELOCATION>
      <DEGREECLASS>
        <DEGUNAVAILREASON>1</DEGUNAVAILREASON>
      </DEGREECLASS>
      <EMPLOYMENT>
        <EMPUNAVAILREASON>1</EMPUNAVAILREASON>
      </EMPLOYMENT>
      <ENTRY>
        <ENTUNAVAILREASON>1</ENTUNAVAILREASON>
      </ENTRY>
      <JOBTYPE>
        <JOBUNAVAILREASON>1</JOBUNAVAILREASON>
      </JOBTYPE>
      <NHSNSS>
        <NHSUNAVAILREASON>1</NHSUNAVAILREASON>
      </NHSNSS>
      <NSS>
        <NSSUNAVAILREASON>1</NSSUNAVAILREASON>
      </NSS>
      <SALARY>
        <SALUNAVAILREASON>1</SALUNAVAILREASON>
      </SALARY>
      <LEO>
        <LEOUNAVAILREASON>1</LEOUNAVAILREASON>
      </LEO>
      <TARIFF>
        <TARUNAVAILREASON>1</TARUNAVAILREASON>
      </TARIFF>
    </KISCOURSE>
    <KISCOURSE>
      <ASSURL>https://www.aecc.ac.uk/undergraduate-courses/bsc-sport-science/</ASSURL>
      <CRSEURL>https://www.aecc.ac.uk/undergraduate-courses/bsc-sport-science/</CRSEURL>
      <DISTANCE>0</DISTANCE>
      <EMPLOYURL>https://www.aecc.ac.uk/undergraduate-courses/bsc-sport-science/</EMPLOYURL>
      <FOUNDATION>0</FOUNDATION>
      <HONOURS>1</HONOURS>
      <HECOS>100433</HECOS>
      <KISCOURSEID>BSSSF-C606</KISCOURSEID>
      <KISMODE>1</KISMODE>
      <LOCCHNGE>0</LOCCHNGE>
      <LTURL>https://www.aecc.ac.uk/undergraduate-courses/bsc-sport-science/</LTURL>
      <NHS>0</NHS>
      <NUMSTAGE>3</NUMSTAGE>
      <SANDWICH>0</SANDWICH>
      <SUPPORTURL>https://www.aecc.ac.uk/undergraduate-courses/bsc-sport-science/</SUPPORTURL>
      <TITLE>Sport Science</TITLE>
      <UCASPROGID>A47-D36</UCASPROGID>
      <YEARABROAD>0</YEARABROAD>
      <KISAIMCODE>021</KISAIMCODE>
      <SBJ>CAH03-02-01</SBJ>
      <COMMON>
        <COMUNAVAILREASON>1</COMUNAVAILREASON>
      </COMMON>
      <CONTINUATION>
        <CONTUNAVAILREASON>1</CONTUNAVAILREASON>
      </CONTINUATION>
      <COURSELOCATION>
        <LOCID>AE</LOCID>
        <UCASCOURSEID>1648</UCASCOURSEID>
      </COURSELOCATION>
      <DEGREECLASS>
        <DEGUNAVAILREASON>1</DEGUNAVAILREASON>
      </DEGREECLASS>
      <EMPLOYMENT>
        <EMPUNAVAILREASON>1</EMPUNAVAILREASON>
      </EMPLOYMENT>
      <ENTRY>
        <ENTUNAVAILREASON>1</ENTUNAVAILREASON>
      </ENTRY>
      <JOBTYPE>
        <JOBUNAVAILREASON>1</JOBUNAVAILREASON>
      </JOBTYPE>
      <NHSNSS>
        <NHSUNAVAILREASON>1</NHSUNAVAILREASON>
      </NHSNSS>
      <NSS>
        <NSSUNAVAILREASON>1</NSSUNAVAILREASON>
      </NSS>
      <SALARY>
        <SALUNAVAILREASON>1</SALUNAVAILREASON>
      </SALARY>
      <LEO>
        <LEOUNAVAILREASON>1</LEOUNAVAILREASON>
      </LEO>
      <TARIFF>
        <TARUNAVAILREASON>1</TARUNAVAILREASON>
      </TARIFF>
    </KISCOURSE>
    <KISCOURSE>
      <ASSURL>http://www.aecc.ac.uk/undergraduate/mchiro/</ASSURL>
      <CRSEURL>http://www.aecc.ac.uk/undergraduate/mchiro/</CRSEURL>
      <DISTANCE>0</DISTANCE>
      <EMPLOYURL>http://www.aecc.ac.uk/undergraduate/mchiro/</EMPLOYURL>
      <FOUNDATION>1</FOUNDATION>
      <HONOURS>1</HONOURS>
      <KISCOURSEID>MCCF-B320</KISCOURSEID>
      <KISMODE>1</KISMODE>
      <LOCCHNGE>0</LOCCHNGE>
      <LTURL>http://www.aecc.ac.uk/undergraduate/mchiro/</LTURL>
      <NUMSTAGE>4</NUMSTAGE>
      <SANDWICH>0</SANDWICH>
      <SUPPORTURL>http://www.aecc.ac.uk/undergraduate/mchiro/scholarships-bursaries/</SUPPORTURL>
      <TITLE>Chiropractic</TITLE>
      <UCASPROGID>A36-B40</UCASPROGID>
      <YEARABROAD>0</YEARABROAD>
      <KISAIMCODE>050</KISAIMCODE>
      <ACCREDITATION>
        <ACCTYPE>05701</ACCTYPE>
        <ACCDEPEND>0</ACCDEPEND>
      </ACCREDITATION>
      <SBJ>CAH02-03-06</SBJ>
      <COMMON>
        <COMUNAVAILREASON>0</COMUNAVAILREASON>
        <COMPOP>25</COMPOP>
        <COMRESP_RATE>70</COMRESP_RATE>
        <COMAGG>14</COMAGG>
        <JOBLIST>
          <JOB>Therapy professionals</JOB>
          <PERC>100</PERC>
          <ORDER>1</ORDER>
        </JOBLIST>
      </COMMON>
      <CONTINUATION>
        <CONTUNAVAILREASON>1</CONTUNAVAILREASON>
        <CONTPOP>150</CONTPOP>
        <CONTAGG>13</CONTAGG>
        <CONTSBJ>CAH02-03-06</CONTSBJ>
        <UCONT>83</UCONT>
        <UDORMANT>3</UDORMANT>
        <UGAINED>5</UGAINED>
        <ULEFT>3</ULEFT>
        <ULOWER>5</ULOWER>
      </CONTINUATION>
      <COURSELOCATION>
        <LOCID>AE</LOCID>
        <UCASCOURSEID>1746</UCASCOURSEID>
      </COURSELOCATION>
      <DEGREECLASS>
        <DEGUNAVAILREASON>0</DEGUNAVAILREASON>
        <DEGPOP>45</DEGPOP>
        <DEGAGG>14</DEGAGG>
        <UFIRST>45</UFIRST>
        <UUPPER>50</UUPPER>
        <ULOWER>5</ULOWER>
        <UOTHER>0</UOTHER>
        <UORDINARY>0</UORDINARY>
        <UDISTINCTION>0</UDISTINCTION>
        <UMERIT>0</UMERIT>
        <UPASS>0</UPASS>
        <UNA>0</UNA>
      </DEGREECLASS>
      <EMPLOYMENT>
        <EMPUNAVAILREASON>0</EMPUNAVAILREASON>
        <EMPPOP>25</EMPPOP>
        <EMPRESP_RATE>70</EMPRESP_RATE>
        <EMPAGG>14</EMPAGG>
        <WORKSTUDY>100</WORKSTUDY>
        <STUDY>5</STUDY>
        <ASSUNEMP>0</ASSUNEMP>
        <BOTH>5</BOTH>
        <NOAVAIL>0</NOAVAIL>
        <WORK>90</WORK>
      </EMPLOYMENT>
      <ENTRY>
        <ENTUNAVAILREASON>0</ENTUNAVAILREASON>
        <ENTPOP>160</ENTPOP>
        <ENTAGG>14</ENTAGG>
        <ACCESS>3</ACCESS>
        <ALEVEL>52</ALEVEL>
        <BACC>3</BACC>
        <DEGREE>6</DEGREE>
        <FOUNDTN>0</FOUNDTN>
        <NOQUALS>1</NOQUALS>
        <OTHER>23</OTHER>
        <OTHERHE>13</OTHERHE>
      </ENTRY>
      <JOBTYPE>
        <JOBUNAVAILREASON>0</JOBUNAVAILREASON>
        <JOBPOP>25</JOBPOP>
        <JOBRESP_RATE>70</JOBRESP_RATE>
        <JOBAGG>14</JOBAGG>
        <PROFMAN>100</PROFMAN>
        <OTHERJOB>0</OTHERJOB>
        <UNKWN>0</UNKWN>
      </JOBTYPE>
      <NHSNSS>
        <NHSUNAVAILREASON>0</NHSUNAVAILREASON>
      </NHSNSS>
      <NSS>
        <NSSUNAVAILREASON>0</NSSUNAVAILREASON>
        <NSSPOP>10</NSSPOP>
        <NSSRESP_RATE>59</NSSRESP_RATE>
        <NSSAGG>14</NSSAGG>
        <Q1>100</Q1>
        <Q2>90</Q2>
        <Q3>100</Q3>
        <Q4>90</Q4>
        <Q5>90</Q5>
        <Q6>80</Q6>
        <Q7>100</Q7>
        <Q8>70</Q8>
        <Q9>50</Q9>
        <Q10>40</Q10>
        <Q11>80</Q11>
        <Q12>100</Q12>
        <Q13>100</Q13>
        <Q14>70</Q14>
        <Q15>40</Q15>
        <Q16>70</Q16>
        <Q17>50</Q17>
        <Q18>100</Q18>
        <Q19>100</Q19>
        <Q20>100</Q20>
        <Q21>100</Q21>
        <Q22>100</Q22>
        <Q23>90</Q23>
        <Q24>80</Q24>
        <Q25>50</Q25>
        <Q26>80</Q26>
        <Q27>100</Q27>
      </NSS>
      <SALARY>
        <SALUNAVAILREASON>0</SALUNAVAILREASON>
      </SALARY>
      <LEO>
        <LEOUNAVAILREASON>1</LEOUNAVAILREASON>
      </LEO>
      <TARIFF>
        <TARUNAVAILREASON>0</TARUNAVAILREASON>
        <TARPOP>55</TARPOP>
        <TARAGG>14</TARAGG>
        <T001>0</T001>
        <T048>0</T048>
        <T064>0</T064>
        <T080>11</T080>
        <T096>26</T096>
        <T112>12</T112>
        <T128>23</T128>
        <T144>7</T144>
        <T160>11</T160>
        <T176>5</T176>
        <T192>2</T192>
        <T208>2</T208>
        <T224>2</T224>
        <T240>0</T240>
      </TARIFF>
    </KISCOURSE>
  </INSTITUTION>
</KIS> 
